[22:30:24]  GetNodeID failed, using /dev/random
[22:30:24]  IPv6 is installed
[22:33:00]  *** Human.Target.2010.S02E08.HDTV.XviD-LOL.[VTV].avi: PIECE 298 FAILED HASH CHECK
[22:33:02]  *** Human.Target.2010.S02E08.HDTV.XviD-LOL.[VTV].avi: PIECE 0 FAILED HASH CHECK
[23:05:06]  *** Human.Target.2010.S02E08.HDTV.XviD-LOL.[VTV].avi: PIECE 251 FAILED HASH CHECK
[23:35:30]  *** Human.Target.2010.S02E08.HDTV.XviD-LOL.[VTV].avi: PIECE 87 FAILED HASH CHECK
[23:36:16]  *** Human.Target.2010.S02E08.HDTV.XviD-LOL.[VTV].avi: PIECE 294 FAILED HASH CHECK
[20:54:19]  *** In search of perfection: PIECE 977 FAILED HASH CHECK
[20:56:01]  *** In search of perfection: PIECE 644 FAILED HASH CHECK
[20:59:47]  *** In search of perfection: PIECE 977 FAILED HASH CHECK
[21:03:31]  *** In search of perfection: PIECE 644 FAILED HASH CHECK
[21:04:23]  Banned 188.25.13.142:38230
[21:04:37]  *** In search of perfection: PIECE 1023 FAILED HASH CHECK
[21:06:33]  *** In search of perfection: PIECE 1427 FAILED HASH CHECK
[21:11:33]  *** In search of perfection: PIECE 522 FAILED HASH CHECK
[22:02:55]  Moving files from '/home/anto/bt_dl/bittorrent-server-v3_0/Kitchen Chemistry - Heston Blumenthal - Discovery Science' to '/home/anto/bt_dl/done/tv/Kitchen Chemistry - Heston Blumenthal - Discovery Science'
[23:15:50]  *** In search of perfection: PIECE 1088 FAILED HASH CHECK
[23:25:17]  *** In search of perfection: PIECE 769 FAILED HASH CHECK
[23:26:12]  Banned 84.32.232.166:54947
[23:58:38]  *** In search of perfection: PIECE 1090 FAILED HASH CHECK
[00:21:24]  *** In search of perfection: PIECE 1392 FAILED HASH CHECK
[20:35:31]  *** V.2009.S02E02.HDTV.XviD-2HD.avi: PIECE 52 FAILED HASH CHECK
[20:35:31]  *** V.2009.S02E02.HDTV.XviD-2HD.avi: PIECE 95 FAILED HASH CHECK
[20:35:33]  *** V.2009.S02E02.HDTV.XviD-2HD.avi: PIECE 251 FAILED HASH CHECK
[20:35:34]  *** V.2009.S02E02.HDTV.XviD-2HD.avi: PIECE 443 FAILED HASH CHECK
[20:35:34]  *** V.2009.S02E02.HDTV.XviD-2HD.avi: PIECE 523 FAILED HASH CHECK
[20:35:35]  *** V.2009.S02E02.HDTV.XviD-2HD.avi: PIECE 607 FAILED HASH CHECK
[20:37:25]  Banned 188.218.67.138:51413
[21:52:01]  *** In search of perfection: PIECE 421 FAILED HASH CHECK
[21:52:08]  *** In search of perfection: PIECE 51 FAILED HASH CHECK
[21:52:17]  *** In search of perfection: PIECE 330 FAILED HASH CHECK
[21:53:38]  *** In search of perfection: PIECE 153 FAILED HASH CHECK
[21:54:13]  *** In search of perfection: PIECE 712 FAILED HASH CHECK
[21:56:13]  *** In search of perfection: PIECE 153 FAILED HASH CHECK
[21:57:19]  Banned 188.25.14.65:38230
[21:57:50]  *** In search of perfection: PIECE 58 FAILED HASH CHECK
[21:57:51]  *** In search of perfection: PIECE 330 FAILED HASH CHECK
[22:03:09]  *** In search of perfection: PIECE 227 FAILED HASH CHECK
[22:03:34]  *** In search of perfection: PIECE 51 FAILED HASH CHECK
[00:26:10]  Moving files from '/home/anto/bt_dl/bittorrent-server-v3_0/In search of perfection' to '/home/anto/bt_dl/done/tv/In search of perfection'
[10:21:18]  *** Modern.Family.S02E12.HDTV.XviD-LOL.avi: PIECE 192 FAILED HASH CHECK
[10:53:19]  *** Modern.Family.S02E12.HDTV.XviD-LOL.avi: PIECE 312 FAILED HASH CHECK
[10:59:36]  *** Modern.Family.S02E12.HDTV.XviD-LOL.avi: PIECE 114 FAILED HASH CHECK
[11:18:10]  *** Modern.Family.S02E12.HDTV.XviD-LOL.avi: PIECE 158 FAILED HASH CHECK
[11:48:36]  *** Modern.Family.S02E12.HDTV.XviD-LOL.avi: PIECE 56 FAILED HASH CHECK
[11:52:29]  Banned 60.242.236.184:56636
[19:20:47]  Error opening "/home/anto/bt_dl/done/Modern.Family.S02E12.HDTV.XviD-LOL.avi": 
