[11:04:42]  GetNodeID failed, using /dev/random
[11:04:42]  Error opening "/home/anto/bt_dl/done/tv/Fairly.Legal.S01E10.HDTV.XviD-LOL.avi": 
[11:04:44]  IPv6 is installed
[11:04:45]  Error opening "/home/anto/bt_dl/done/tv/Onion.News.Network.S01E10.American.Dream.HDTV.XviD-FQM.avi": 
[11:04:49]  DNS resolution failed for tracker udp://denis.stalker.h3q.com:6969/announce
[11:34:51]  DNS resolution failed for tracker udp://denis.stalker.h3q.com:6969/announce
[12:04:52]  DNS resolution failed for tracker udp://denis.stalker.h3q.com:6969/announce
[12:34:55]  DNS resolution failed for tracker udp://denis.stalker.h3q.com:6969/announce
[13:04:57]  DNS resolution failed for tracker udp://denis.stalker.h3q.com:6969/announce
[13:34:58]  DNS resolution failed for tracker udp://denis.stalker.h3q.com:6969/announce
[14:05:01]  DNS resolution failed for tracker udp://denis.stalker.h3q.com:6969/announce
[14:35:03]  DNS resolution failed for tracker udp://denis.stalker.h3q.com:6969/announce
[15:05:05]  DNS resolution failed for tracker udp://denis.stalker.h3q.com:6969/announce
[15:35:07]  DNS resolution failed for tracker udp://denis.stalker.h3q.com:6969/announce
[16:05:09]  DNS resolution failed for tracker udp://denis.stalker.h3q.com:6969/announce
[16:35:11]  DNS resolution failed for tracker udp://denis.stalker.h3q.com:6969/announce
[17:05:13]  DNS resolution failed for tracker udp://denis.stalker.h3q.com:6969/announce
[17:35:15]  DNS resolution failed for tracker udp://denis.stalker.h3q.com:6969/announce
[17:49:08]  DNS resolution failed for tracker udp://denis.stalker.h3q.com:6969/announce
[17:53:07]  DNS resolution failed for tracker udp://denis.stalker.h3q.com:6969/announce
[17:59:18]  DNS resolution failed for tracker udp://denis.stalker.h3q.com:6969/announce
[18:08:24]  DNS resolution failed for tracker udp://denis.stalker.h3q.com:6969/announce
[18:15:22]  DNS resolution failed for tracker udp://denis.stalker.h3q.com:6969/announce
[18:19:27]  DNS resolution failed for tracker udp://denis.stalker.h3q.com:6969/announce
[18:46:39]  DNS resolution failed for tracker udp://denis.stalker.h3q.com:6969/announce
[18:52:37]  DNS resolution failed for tracker udp://denis.stalker.h3q.com:6969/announce
[18:54:33]  DNS resolution failed for tracker udp://denis.stalker.h3q.com:6969/announce
[19:06:08]  DNS resolution failed for tracker udp://tracker.openbittorrent.com:80/announce
[19:42:45]  DNS resolution failed for tracker udp://denis.stalker.h3q.com:6969/announce
[19:45:41]  DNS resolution failed for tracker udp://denis.stalker.h3q.com:6969/announce
[19:46:52]  DNS resolution failed for tracker udp://denis.stalker.h3q.com:6969/announce
[19:46:59]  DNS resolution failed for tracker udp://denis.stalker.h3q.com:6969/announce
[20:17:02]  DNS resolution failed for tracker udp://denis.stalker.h3q.com:6969/announce
[20:47:04]  DNS resolution failed for tracker udp://denis.stalker.h3q.com:6969/announce
[21:17:06]  DNS resolution failed for tracker udp://denis.stalker.h3q.com:6969/announce
[21:47:07]  DNS resolution failed for tracker udp://denis.stalker.h3q.com:6969/announce
[22:17:08]  DNS resolution failed for tracker udp://denis.stalker.h3q.com:6969/announce
[22:47:12]  DNS resolution failed for tracker udp://denis.stalker.h3q.com:6969/announce
[23:17:14]  DNS resolution failed for tracker udp://denis.stalker.h3q.com:6969/announce
[23:47:16]  DNS resolution failed for tracker udp://denis.stalker.h3q.com:6969/announce
[00:17:18]  DNS resolution failed for tracker udp://denis.stalker.h3q.com:6969/announce
[00:47:20]  DNS resolution failed for tracker udp://denis.stalker.h3q.com:6969/announce
[01:17:22]  DNS resolution failed for tracker udp://denis.stalker.h3q.com:6969/announce
[01:47:29]  DNS resolution failed for tracker udp://denis.stalker.h3q.com:6969/announce
[01:47:29]  DNS resolution failed for tracker udp://tracker.thepiratebay.org:80/announce
[02:17:25]  DNS resolution failed for tracker udp://denis.stalker.h3q.com:6969/announce
[02:47:28]  DNS resolution failed for tracker udp://denis.stalker.h3q.com:6969/announce
[03:17:30]  DNS resolution failed for tracker udp://denis.stalker.h3q.com:6969/announce
[03:47:32]  DNS resolution failed for tracker udp://denis.stalker.h3q.com:6969/announce
[04:17:34]  DNS resolution failed for tracker udp://denis.stalker.h3q.com:6969/announce
[04:47:36]  DNS resolution failed for tracker udp://denis.stalker.h3q.com:6969/announce
[05:17:37]  DNS resolution failed for tracker udp://denis.stalker.h3q.com:6969/announce
[05:47:41]  DNS resolution failed for tracker udp://denis.stalker.h3q.com:6969/announce
[06:17:42]  DNS resolution failed for tracker udp://denis.stalker.h3q.com:6969/announce
[06:47:44]  DNS resolution failed for tracker udp://denis.stalker.h3q.com:6969/announce
[07:17:46]  DNS resolution failed for tracker udp://denis.stalker.h3q.com:6969/announce
[07:47:48]  DNS resolution failed for tracker udp://denis.stalker.h3q.com:6969/announce
[08:17:50]  DNS resolution failed for tracker udp://denis.stalker.h3q.com:6969/announce
[08:47:52]  DNS resolution failed for tracker udp://denis.stalker.h3q.com:6969/announce
[09:17:56]  DNS resolution failed for tracker udp://denis.stalker.h3q.com:6969/announce
[09:48:00]  DNS resolution failed for tracker udp://denis.stalker.h3q.com:6969/announce
[10:18:02]  DNS resolution failed for tracker udp://denis.stalker.h3q.com:6969/announce
[10:48:04]  DNS resolution failed for tracker udp://denis.stalker.h3q.com:6969/announce
[11:18:06]  DNS resolution failed for tracker udp://denis.stalker.h3q.com:6969/announce
[11:48:08]  DNS resolution failed for tracker udp://denis.stalker.h3q.com:6969/announce
[12:18:10]  DNS resolution failed for tracker udp://denis.stalker.h3q.com:6969/announce
[12:48:11]  DNS resolution failed for tracker udp://denis.stalker.h3q.com:6969/announce
[13:18:14]  DNS resolution failed for tracker udp://denis.stalker.h3q.com:6969/announce
[13:47:25]  DNS resolution failed for tracker udp://denis.stalker.h3q.com:6969/announce
[13:47:47]  DNS resolution failed for tracker udp://denis.stalker.h3q.com:6969/announce
[13:47:56]  DNS resolution failed for tracker udp://denis.stalker.h3q.com:6969/announce
[14:47:29]  DNS resolution failed for tracker udp://denis.stalker.h3q.com:6969/announce
[14:47:48]  DNS resolution failed for tracker udp://denis.stalker.h3q.com:6969/announce
[14:48:26]  DNS resolution failed for tracker udp://denis.stalker.h3q.com:6969/announce
[15:47:33]  DNS resolution failed for tracker udp://denis.stalker.h3q.com:6969/announce
[15:47:49]  DNS resolution failed for tracker udp://denis.stalker.h3q.com:6969/announce
[15:48:26]  DNS resolution failed for tracker udp://denis.stalker.h3q.com:6969/announce
[16:47:37]  DNS resolution failed for tracker udp://denis.stalker.h3q.com:6969/announce
[16:47:50]  DNS resolution failed for tracker udp://denis.stalker.h3q.com:6969/announce
[16:48:41]  DNS resolution failed for tracker udp://denis.stalker.h3q.com:6969/announce
[17:47:41]  DNS resolution failed for tracker udp://denis.stalker.h3q.com:6969/announce
[17:47:51]  DNS resolution failed for tracker udp://denis.stalker.h3q.com:6969/announce
[17:48:45]  DNS resolution failed for tracker udp://denis.stalker.h3q.com:6969/announce
[18:47:56]  DNS resolution failed for tracker udp://denis.stalker.h3q.com:6969/announce
[18:48:03]  DNS resolution failed for tracker udp://denis.stalker.h3q.com:6969/announce
[18:48:53]  DNS resolution failed for tracker udp://denis.stalker.h3q.com:6969/announce
[19:08:07]  DNS resolution failed for tracker udp://denis.stalker.h3q.com:6969/announce
[19:48:03]  DNS resolution failed for tracker udp://denis.stalker.h3q.com:6969/announce
[19:48:07]  DNS resolution failed for tracker udp://denis.stalker.h3q.com:6969/announce
[19:48:55]  DNS resolution failed for tracker udp://denis.stalker.h3q.com:6969/announce
[20:48:07]  DNS resolution failed for tracker udp://denis.stalker.h3q.com:6969/announce
[20:48:08]  DNS resolution failed for tracker udp://denis.stalker.h3q.com:6969/announce
[20:49:23]  DNS resolution failed for tracker udp://denis.stalker.h3q.com:6969/announce
[21:48:09]  DNS resolution failed for tracker udp://denis.stalker.h3q.com:6969/announce
[21:48:11]  DNS resolution failed for tracker udp://denis.stalker.h3q.com:6969/announce
[21:49:25]  DNS resolution failed for tracker udp://denis.stalker.h3q.com:6969/announce
[22:48:10]  DNS resolution failed for tracker udp://denis.stalker.h3q.com:6969/announce
[22:48:18]  DNS resolution failed for tracker udp://denis.stalker.h3q.com:6969/announce
[22:49:30]  DNS resolution failed for tracker udp://denis.stalker.h3q.com:6969/announce
[23:48:16]  DNS resolution failed for tracker udp://denis.stalker.h3q.com:6969/announce
[23:48:24]  DNS resolution failed for tracker udp://denis.stalker.h3q.com:6969/announce
[23:49:45]  DNS resolution failed for tracker udp://denis.stalker.h3q.com:6969/announce
[23:57:09]  DNS resolution failed for tracker udp://denis.stalker.h3q.com:6969/announce
[00:27:13]  DNS resolution failed for tracker udp://denis.stalker.h3q.com:6969/announce
[00:57:15]  DNS resolution failed for tracker udp://denis.stalker.h3q.com:6969/announce
[01:27:17]  DNS resolution failed for tracker udp://denis.stalker.h3q.com:6969/announce
[01:57:19]  DNS resolution failed for tracker udp://denis.stalker.h3q.com:6969/announce
[02:27:21]  DNS resolution failed for tracker udp://denis.stalker.h3q.com:6969/announce
[02:57:23]  DNS resolution failed for tracker udp://denis.stalker.h3q.com:6969/announce
[03:27:25]  DNS resolution failed for tracker udp://denis.stalker.h3q.com:6969/announce
[03:57:26]  DNS resolution failed for tracker udp://denis.stalker.h3q.com:6969/announce
[04:27:29]  DNS resolution failed for tracker udp://denis.stalker.h3q.com:6969/announce
[04:57:30]  DNS resolution failed for tracker udp://denis.stalker.h3q.com:6969/announce
[05:27:33]  DNS resolution failed for tracker udp://denis.stalker.h3q.com:6969/announce
[05:57:35]  DNS resolution failed for tracker udp://denis.stalker.h3q.com:6969/announce
[06:27:37]  DNS resolution failed for tracker udp://denis.stalker.h3q.com:6969/announce
[06:57:39]  DNS resolution failed for tracker udp://denis.stalker.h3q.com:6969/announce
[07:27:41]  DNS resolution failed for tracker udp://denis.stalker.h3q.com:6969/announce
[07:57:43]  DNS resolution failed for tracker udp://denis.stalker.h3q.com:6969/announce
[08:27:45]  DNS resolution failed for tracker udp://denis.stalker.h3q.com:6969/announce
[08:57:47]  DNS resolution failed for tracker udp://denis.stalker.h3q.com:6969/announce
[09:27:49]  DNS resolution failed for tracker udp://denis.stalker.h3q.com:6969/announce
[09:57:51]  DNS resolution failed for tracker udp://denis.stalker.h3q.com:6969/announce
[10:27:52]  DNS resolution failed for tracker udp://denis.stalker.h3q.com:6969/announce
[10:57:55]  DNS resolution failed for tracker udp://denis.stalker.h3q.com:6969/announce
[11:27:57]  DNS resolution failed for tracker udp://denis.stalker.h3q.com:6969/announce
[11:57:59]  DNS resolution failed for tracker udp://denis.stalker.h3q.com:6969/announce
[12:11:16]  Unable to load "": Is a directory!
[12:12:41]  Unable to load "": Is a directory!
[12:13:20]  Unable to load "": Is a directory!
[12:28:00]  DNS resolution failed for tracker udp://denis.stalker.h3q.com:6969/announce
[12:58:01]  DNS resolution failed for tracker udp://denis.stalker.h3q.com:6969/announce
[13:28:05]  DNS resolution failed for tracker udp://denis.stalker.h3q.com:6969/announce
[13:58:07]  DNS resolution failed for tracker udp://denis.stalker.h3q.com:6969/announce
[14:28:09]  DNS resolution failed for tracker udp://denis.stalker.h3q.com:6969/announce
[14:58:11]  DNS resolution failed for tracker udp://denis.stalker.h3q.com:6969/announce
[15:28:13]  DNS resolution failed for tracker udp://denis.stalker.h3q.com:6969/announce
[15:47:29]  DNS resolution failed for tracker udp://denis.stalker.h3q.com:6969/announce
[15:47:53]  DNS resolution failed for tracker udp://denis.stalker.h3q.com:6969/announce
[15:48:00]  DNS resolution failed for tracker udp://denis.stalker.h3q.com:6969/announce
[15:49:41]  Error opening "/home/anto/bt_dl/done/tv/Body.of.Proof.S01E03.HDTV.XviD-LOL.[VTV].avi": 
[15:53:09]  Error opening "/home/anto/bt_dl/done/tv/Archer.2009.S02E11.Jeu.Monegasque.PROPER.HDTV.XviD-FQM.avi": 
[16:30:42]  Error opening "/home/anto/bt_dl/done/tv/Endgame.S01E01.HDTV.XviD-2HD.avi": 
[16:31:14]  *** Camelot.S01E03.HDTV.XviD-SYS.avi: PIECE 32 FAILED HASH CHECK
[16:31:18]  *** Camelot.S01E03.HDTV.XviD-SYS.avi: PIECE 822 FAILED HASH CHECK
[16:31:22]  *** Camelot.S01E03.HDTV.XviD-SYS.avi: PIECE 719 FAILED HASH CHECK
[16:31:29]  *** Camelot.S01E03.HDTV.XviD-SYS.avi: PIECE 242 FAILED HASH CHECK
[16:31:35]  *** Camelot.S01E03.HDTV.XviD-SYS.avi: PIECE 149 FAILED HASH CHECK
[16:31:42]  *** Camelot.S01E03.HDTV.XviD-SYS.avi: PIECE 719 FAILED HASH CHECK
[16:32:08]  *** Camelot.S01E03.HDTV.XviD-SYS.avi: PIECE 34 FAILED HASH CHECK
[16:32:17]  *** Camelot.S01E03.HDTV.XviD-SYS.avi: PIECE 32 FAILED HASH CHECK
[16:32:21]  *** Camelot.S01E03.HDTV.XviD-SYS.avi: PIECE 49 FAILED HASH CHECK
[16:32:29]  *** Camelot.S01E03.HDTV.XviD-SYS.avi: PIECE 672 FAILED HASH CHECK
[16:33:07]  *** Camelot.S01E03.HDTV.XviD-SYS.avi: PIECE 32 FAILED HASH CHECK
[16:33:51]  *** Camelot.S01E03.HDTV.XviD-SYS.avi: PIECE 522 FAILED HASH CHECK
[16:33:55]  *** Camelot.S01E03.HDTV.XviD-SYS.avi: PIECE 504 FAILED HASH CHECK
[16:34:07]  *** Camelot.S01E03.HDTV.XviD-SYS.avi: PIECE 269 FAILED HASH CHECK
[16:34:14]  *** Camelot.S01E03.HDTV.XviD-SYS.avi: PIECE 647 FAILED HASH CHECK
[16:34:16]  *** Camelot.S01E03.HDTV.XviD-SYS.avi: PIECE 848 FAILED HASH CHECK
[16:34:18]  *** Camelot.S01E03.HDTV.XviD-SYS.avi: PIECE 615 FAILED HASH CHECK
[16:34:34]  Banned 151.29.191.164:59214
[16:34:35]  *** Camelot.S01E03.HDTV.XviD-SYS.avi: PIECE 34 FAILED HASH CHECK
[16:34:41]  *** Camelot.S01E03.HDTV.XviD-SYS.avi: PIECE 792 FAILED HASH CHECK
[16:35:32]  *** Camelot.S01E03.HDTV.XviD-SYS.avi: PIECE 522 FAILED HASH CHECK
[16:35:47]  *** Camelot.S01E03.HDTV.XviD-SYS.avi: PIECE 747 FAILED HASH CHECK
[16:36:08]  *** Camelot.S01E03.HDTV.XviD-SYS.avi: PIECE 789 FAILED HASH CHECK
[16:36:16]  *** Camelot.S01E03.HDTV.XviD-SYS.avi: PIECE 32 FAILED HASH CHECK
[16:36:20]  *** Camelot.S01E03.HDTV.XviD-SYS.avi: PIECE 610 FAILED HASH CHECK
[16:36:39]  *** Camelot.S01E03.HDTV.XviD-SYS.avi: PIECE 1041 FAILED HASH CHECK
[16:36:42]  *** Camelot.S01E03.HDTV.XviD-SYS.avi: PIECE 1012 FAILED HASH CHECK
[16:36:48]  *** Camelot.S01E03.HDTV.XviD-SYS.avi: PIECE 165 FAILED HASH CHECK
[16:36:57]  *** Camelot.S01E03.HDTV.XviD-SYS.avi: PIECE 652 FAILED HASH CHECK
[16:36:59]  *** Camelot.S01E03.HDTV.XviD-SYS.avi: PIECE 790 FAILED HASH CHECK
[16:37:34]  *** Camelot.S01E03.HDTV.XviD-SYS.avi: PIECE 815 FAILED HASH CHECK
[16:37:35]  *** Camelot.S01E03.HDTV.XviD-SYS.avi: PIECE 848 FAILED HASH CHECK
[16:38:26]  *** Camelot.S01E03.HDTV.XviD-SYS.avi: PIECE 4 FAILED HASH CHECK
[16:40:41]  *** Camelot.S01E03.HDTV.XviD-SYS.avi: PIECE 504 FAILED HASH CHECK
[16:41:02]  *** Camelot.S01E03.HDTV.XviD-SYS.avi: PIECE 79 FAILED HASH CHECK
[16:41:27]  *** Camelot.S01E03.HDTV.XviD-SYS.avi: PIECE 435 FAILED HASH CHECK
[16:47:33]  DNS resolution failed for tracker udp://denis.stalker.h3q.com:6969/announce
[16:47:54]  DNS resolution failed for tracker udp://denis.stalker.h3q.com:6969/announce
[16:48:15]  DNS resolution failed for tracker udp://denis.stalker.h3q.com:6969/announce
[16:48:30]  *** Camelot.S01E03.HDTV.XviD-SYS.avi: PIECE 962 FAILED HASH CHECK
[16:48:30]  *** Camelot.S01E03.HDTV.XviD-SYS.avi: PIECE 1055 FAILED HASH CHECK
[17:00:52]  *** Camelot.S01E03.HDTV.XviD-SYS.avi: PIECE 427 FAILED HASH CHECK
[17:00:52]  *** Camelot.S01E03.HDTV.XviD-SYS.avi: PIECE 446 FAILED HASH CHECK
[17:04:17]  *** Camelot.S01E03.HDTV.XviD-SYS.avi: PIECE 631 FAILED HASH CHECK
[17:06:01]  *** Camelot.S01E03.HDTV.XviD-SYS.avi: PIECE 428 FAILED HASH CHECK
[17:47:08]  DNS resolution failed for tracker udp://tracker.thepiratebay.org:80/announce
[17:47:34]  DNS resolution failed for tracker udp://denis.stalker.h3q.com:6969/announce
[17:47:56]  DNS resolution failed for tracker udp://denis.stalker.h3q.com:6969/announce
[17:48:29]  DNS resolution failed for tracker udp://denis.stalker.h3q.com:6969/announce
[18:32:02]  Error opening "/home/anto/bt_dl/done/tv/Endgame.S01E02.HDTV.XviD-2HD.avi": 
[18:47:38]  DNS resolution failed for tracker udp://denis.stalker.h3q.com:6969/announce
[18:47:57]  DNS resolution failed for tracker udp://denis.stalker.h3q.com:6969/announce
[18:48:44]  DNS resolution failed for tracker udp://denis.stalker.h3q.com:6969/announce
[19:34:59]  DNS resolution failed for tracker udp://tracker.openbittorrent.com:80/announce
[19:35:31]  DNS resolution failed for tracker udp://tracker.openbittorrent.com:80/announce
[19:35:35]  DNS resolution failed for tracker udp://tracker.openbittorrent.com:80/announce
[19:35:56]  DNS resolution failed for tracker udp://tracker.openbittorrent.com:80/announce
[19:36:13]  DNS resolution failed for tracker udp://tracker.openbittorrent.com:80/announce
[19:36:18]  DNS resolution failed for tracker udp://tracker.openbittorrent.com:80/announce
[19:36:19]  DNS resolution failed for tracker udp://tracker.openbittorrent.com:80/announce
[19:36:28]  DNS resolution failed for tracker udp://tracker.openbittorrent.com:80/announce
[19:37:08]  DNS resolution failed for tracker udp://tracker.openbittorrent.com:80/announce
[19:37:22]  DNS resolution failed for tracker udp://tracker.openbittorrent.com:80/announce
[19:37:36]  DNS resolution failed for tracker udp://tracker.openbittorrent.com:80/announce
[19:37:55]  DNS resolution failed for tracker udp://tracker.openbittorrent.com:80/announce
[19:38:25]  DNS resolution failed for tracker udp://tracker.openbittorrent.com:80/announce
[19:38:32]  DNS resolution failed for tracker udp://tracker.openbittorrent.com:80/announce
[19:38:52]  DNS resolution failed for tracker udp://tracker.openbittorrent.com:80/announce
[19:39:19]  DNS resolution failed for tracker udp://tracker.openbittorrent.com:80/announce
[19:40:05]  DNS resolution failed for tracker udp://tracker.openbittorrent.com:80/announce
[19:47:42]  DNS resolution failed for tracker udp://denis.stalker.h3q.com:6969/announce
[19:47:58]  DNS resolution failed for tracker udp://denis.stalker.h3q.com:6969/announce
[19:48:59]  DNS resolution failed for tracker udp://denis.stalker.h3q.com:6969/announce
[19:50:10]  Error opening "/home/anto/bt_dl/done/tv/Workaholics.S01E01.HDTV.XviD-ASAP.avi": 
[20:47:48]  DNS resolution failed for tracker udp://denis.stalker.h3q.com:6969/announce
[20:47:59]  DNS resolution failed for tracker udp://denis.stalker.h3q.com:6969/announce
[20:49:14]  DNS resolution failed for tracker udp://denis.stalker.h3q.com:6969/announce
[21:14:46]  Error opening "/home/anto/bt_dl/done/tv/United.States.of.Tara.S03E03.The.Full.Fuck.You.Finger.HDTV.XviD-FQM.avi": 
[21:46:55]  DNS resolution failed for tracker udp://denis.stalker.h3q.com:6969/announce
[22:17:00]  DNS resolution failed for tracker udp://denis.stalker.h3q.com:6969/announce
[22:47:03]  DNS resolution failed for tracker udp://denis.stalker.h3q.com:6969/announce
[23:17:05]  DNS resolution failed for tracker udp://denis.stalker.h3q.com:6969/announce
[23:47:07]  DNS resolution failed for tracker udp://denis.stalker.h3q.com:6969/announce
[00:17:09]  DNS resolution failed for tracker udp://denis.stalker.h3q.com:6969/announce
[00:47:11]  DNS resolution failed for tracker udp://denis.stalker.h3q.com:6969/announce
[01:17:13]  DNS resolution failed for tracker udp://denis.stalker.h3q.com:6969/announce
[01:47:14]  DNS resolution failed for tracker udp://denis.stalker.h3q.com:6969/announce
[02:17:17]  DNS resolution failed for tracker udp://denis.stalker.h3q.com:6969/announce
[02:47:19]  DNS resolution failed for tracker udp://denis.stalker.h3q.com:6969/announce
[03:17:20]  DNS resolution failed for tracker udp://denis.stalker.h3q.com:6969/announce
[03:47:23]  DNS resolution failed for tracker udp://denis.stalker.h3q.com:6969/announce
[04:16:58]  DNS resolution failed for tracker udp://tracker.ccc.de:80/announce
[04:17:25]  DNS resolution failed for tracker udp://denis.stalker.h3q.com:6969/announce
[04:27:12]  DNS resolution failed for tracker udp://tracker.ccc.de:80/announce
[04:30:52]  DNS resolution failed for tracker udp://tracker.publicbt.com:80/announce
[04:34:14]  DNS resolution failed for tracker udp://tracker.ccc.de:80/announce
[04:39:29]  DNS resolution failed for tracker udp://tracker.ccc.de:80/announce
[04:44:11]  DNS resolution failed for tracker udp://tracker.openbittorrent.com:80/announce
[04:45:55]  DNS resolution failed for tracker udp://tracker.publicbt.com:80/announce
[04:47:01]  DNS resolution failed for tracker udp://tracker.ccc.de:80/announce
[04:55:24]  DNS resolution failed for tracker udp://tracker.torrentbox.com:2710/announce
[04:56:14]  DNS resolution failed for tracker udp://tracker.publicbt.com:80/announce
[04:56:44]  DNS resolution failed for tracker udp://tracker.thepiratebay.org:80/announce
[04:57:14]  DNS resolution failed for tracker udp://tracker.openbittorrent.com:80/announce
[04:57:34]  DNS resolution failed for tracker udp://tracker.ccc.de:80/announce
[04:58:14]  DNS resolution failed for tracker udp://inferno.demonoid.com:3402/announce
[04:58:34]  DNS resolution failed for tracker udp://denis.stalker.h3q.com:6969/announce
[04:58:34]  DNS resolution failed for tracker udp://tracker.openbittorrent.com/announce
[04:58:54]  DNS resolution failed for tracker udp://inferno.demonoid.com:3397/announce
[05:00:53]  DNS resolution failed for tracker udp://tracker.publicbt.com:80/announce
[05:02:11]  DNS resolution failed for tracker udp://tracker.openbittorrent.com:80/announce
[05:04:18]  DNS resolution failed for tracker udp://tracker.ccc.de:80/announce
[05:08:15]  DNS resolution failed for tracker udp://tracker.openbittorrent.com:80/announce
[05:09:34]  DNS resolution failed for tracker udp://tracker.ccc.de:80/announce
[05:14:14]  DNS resolution failed for tracker udp://tracker.openbittorrent.com:80/announce
[05:16:05]  DNS resolution failed for tracker udp://tracker.publicbt.com:80/announce
[05:17:03]  DNS resolution failed for tracker udp://tracker.ccc.de:80/announce
[05:25:10]  DNS resolution failed for tracker udp://tracker.publicbt.com:80/announce
[05:26:40]  DNS resolution failed for tracker udp://tracker.torrentbox.com:2710/announce
[05:27:00]  DNS resolution failed for tracker udp://tracker.thepiratebay.org:80/announce
[05:27:20]  DNS resolution failed for tracker udp://tracker.ccc.de:80/announce
[05:28:10]  DNS resolution failed for tracker udp://tracker.openbittorrent.com:80/announce
[05:28:20]  DNS resolution failed for tracker udp://tracker.openbittorrent.com/announce
[05:28:40]  DNS resolution failed for tracker udp://inferno.demonoid.com:3402/announce
[05:29:00]  DNS resolution failed for tracker udp://denis.stalker.h3q.com:6969/announce
[05:29:20]  DNS resolution failed for tracker udp://inferno.demonoid.com:3397/announce
[05:30:55]  DNS resolution failed for tracker udp://tracker.publicbt.com:80/announce
[05:32:12]  DNS resolution failed for tracker udp://tracker.openbittorrent.com:80/announce
[05:34:19]  DNS resolution failed for tracker udp://tracker.ccc.de:80/announce
[05:38:16]  DNS resolution failed for tracker udp://tracker.openbittorrent.com:80/announce
[05:39:39]  DNS resolution failed for tracker udp://tracker.ccc.de:80/announce
[05:44:15]  DNS resolution failed for tracker udp://tracker.openbittorrent.com:80/announce
[05:46:15]  DNS resolution failed for tracker udp://tracker.publicbt.com:80/announce
[05:47:05]  DNS resolution failed for tracker udp://tracker.ccc.de:80/announce
[05:55:12]  DNS resolution failed for tracker udp://tracker.publicbt.com:80/announce
[05:55:32]  DNS resolution failed for tracker udp://tracker.torrentbox.com:2710/announce
[05:56:42]  DNS resolution failed for tracker udp://tracker.thepiratebay.org:80/announce
[05:57:02]  DNS resolution failed for tracker udp://tracker.openbittorrent.com:80/announce
[05:57:52]  DNS resolution failed for tracker udp://tracker.ccc.de:80/announce
[05:58:22]  DNS resolution failed for tracker udp://tracker.openbittorrent.com/announce
[05:59:12]  DNS resolution failed for tracker udp://denis.stalker.h3q.com:6969/announce
[05:59:12]  DNS resolution failed for tracker udp://inferno.demonoid.com:3402/announce
[05:59:22]  DNS resolution failed for tracker udp://inferno.demonoid.com:3397/announce
[06:00:56]  DNS resolution failed for tracker udp://tracker.publicbt.com:80/announce
[06:02:13]  DNS resolution failed for tracker udp://tracker.openbittorrent.com:80/announce
[06:04:22]  DNS resolution failed for tracker udp://tracker.ccc.de:80/announce
[06:08:20]  DNS resolution failed for tracker udp://tracker.openbittorrent.com:80/announce
[06:09:44]  DNS resolution failed for tracker udp://tracker.ccc.de:80/announce
[06:14:16]  DNS resolution failed for tracker udp://tracker.openbittorrent.com:80/announce
[06:16:25]  DNS resolution failed for tracker udp://tracker.publicbt.com:80/announce
[06:17:06]  DNS resolution failed for tracker udp://tracker.ccc.de:80/announce
[06:25:33]  DNS resolution failed for tracker udp://tracker.torrentbox.com:2710/announce
[06:25:53]  DNS resolution failed for tracker udp://tracker.publicbt.com:80/announce
[06:27:03]  DNS resolution failed for tracker udp://tracker.thepiratebay.org:80/announce
[06:27:23]  DNS resolution failed for tracker udp://tracker.openbittorrent.com:80/announce
[06:28:33]  DNS resolution failed for tracker udp://tracker.ccc.de:80/announce
[06:28:53]  DNS resolution failed for tracker udp://tracker.openbittorrent.com/announce
[06:29:33]  DNS resolution failed for tracker udp://denis.stalker.h3q.com:6969/announce
[06:29:33]  DNS resolution failed for tracker udp://inferno.demonoid.com:3402/announce
[06:29:43]  DNS resolution failed for tracker udp://inferno.demonoid.com:3397/announce
[06:30:57]  DNS resolution failed for tracker udp://tracker.publicbt.com:80/announce
[06:32:19]  DNS resolution failed for tracker udp://tracker.openbittorrent.com:80/announce
[06:34:24]  DNS resolution failed for tracker udp://tracker.ccc.de:80/announce
[06:38:21]  DNS resolution failed for tracker udp://tracker.openbittorrent.com:80/announce
[06:39:49]  DNS resolution failed for tracker udp://tracker.ccc.de:80/announce
[06:44:19]  DNS resolution failed for tracker udp://tracker.openbittorrent.com:80/announce
[06:46:35]  DNS resolution failed for tracker udp://tracker.publicbt.com:80/announce
[06:47:07]  DNS resolution failed for tracker udp://tracker.ccc.de:80/announce
[06:55:35]  DNS resolution failed for tracker udp://tracker.publicbt.com:80/announce
[06:56:05]  DNS resolution failed for tracker udp://tracker.torrentbox.com:2710/announce
[06:56:55]  DNS resolution failed for tracker udp://tracker.thepiratebay.org:80/announce
[06:57:45]  DNS resolution failed for tracker udp://tracker.ccc.de:80/announce
[06:58:15]  DNS resolution failed for tracker udp://tracker.openbittorrent.com:80/announce
[06:59:05]  DNS resolution failed for tracker udp://tracker.openbittorrent.com/announce
[06:59:25]  DNS resolution failed for tracker udp://inferno.demonoid.com:3402/announce
[07:00:15]  DNS resolution failed for tracker udp://denis.stalker.h3q.com:6969/announce
[07:00:35]  DNS resolution failed for tracker udp://inferno.demonoid.com:3397/announce
[07:00:58]  DNS resolution failed for tracker udp://tracker.publicbt.com:80/announce
[07:02:21]  DNS resolution failed for tracker udp://tracker.openbittorrent.com:80/announce
[07:04:28]  DNS resolution failed for tracker udp://tracker.ccc.de:80/announce
[07:08:22]  DNS resolution failed for tracker udp://tracker.openbittorrent.com:80/announce
[07:09:54]  DNS resolution failed for tracker udp://tracker.ccc.de:80/announce
[07:14:20]  DNS resolution failed for tracker udp://tracker.openbittorrent.com:80/announce
[07:16:45]  DNS resolution failed for tracker udp://tracker.publicbt.com:80/announce
[07:17:08]  DNS resolution failed for tracker udp://tracker.ccc.de:80/announce
[07:18:58]  DNS resolution failed for tracker udp://inferno.demonoid.com:3402/announce
[07:25:49]  DNS resolution failed for tracker udp://tracker.torrentbox.com:2710/announce
[07:26:19]  DNS resolution failed for tracker udp://tracker.publicbt.com:80/announce
[07:27:09]  DNS resolution failed for tracker udp://tracker.thepiratebay.org:80/announce
[07:27:29]  DNS resolution failed for tracker udp://tracker.openbittorrent.com:80/announce
[07:28:19]  DNS resolution failed for tracker udp://tracker.ccc.de:80/announce
[07:28:39]  DNS resolution failed for tracker udp://tracker.openbittorrent.com/announce
[07:28:59]  DNS resolution failed for tracker udp://denis.stalker.h3q.com:6969/announce
[07:29:39]  DNS resolution failed for tracker udp://inferno.demonoid.com:3397/announce
[07:31:00]  DNS resolution failed for tracker udp://tracker.publicbt.com:80/announce
[07:32:22]  DNS resolution failed for tracker udp://tracker.openbittorrent.com:80/announce
[07:34:29]  DNS resolution failed for tracker udp://tracker.ccc.de:80/announce
[07:38:23]  DNS resolution failed for tracker udp://tracker.openbittorrent.com:80/announce
[07:47:39]  DNS resolution failed for tracker udp://denis.stalker.h3q.com:6969/announce
[08:04:06]  Unable to load "": Is a directory!
[08:17:41]  DNS resolution failed for tracker udp://denis.stalker.h3q.com:6969/announce
[08:47:43]  DNS resolution failed for tracker udp://denis.stalker.h3q.com:6969/announce
[09:17:44]  DNS resolution failed for tracker udp://denis.stalker.h3q.com:6969/announce
[09:47:46]  DNS resolution failed for tracker udp://denis.stalker.h3q.com:6969/announce
[10:17:49]  DNS resolution failed for tracker udp://denis.stalker.h3q.com:6969/announce
[10:47:51]  DNS resolution failed for tracker udp://denis.stalker.h3q.com:6969/announce
[11:17:53]  DNS resolution failed for tracker udp://denis.stalker.h3q.com:6969/announce
[11:47:55]  DNS resolution failed for tracker udp://denis.stalker.h3q.com:6969/announce
[12:17:57]  DNS resolution failed for tracker udp://denis.stalker.h3q.com:6969/announce
[12:47:59]  DNS resolution failed for tracker udp://denis.stalker.h3q.com:6969/announce
[13:18:01]  DNS resolution failed for tracker udp://denis.stalker.h3q.com:6969/announce
[13:48:03]  DNS resolution failed for tracker udp://denis.stalker.h3q.com:6969/announce
[14:18:05]  DNS resolution failed for tracker udp://denis.stalker.h3q.com:6969/announce
[14:48:07]  DNS resolution failed for tracker udp://denis.stalker.h3q.com:6969/announce
[15:18:09]  DNS resolution failed for tracker udp://denis.stalker.h3q.com:6969/announce
[15:48:11]  DNS resolution failed for tracker udp://denis.stalker.h3q.com:6969/announce
[16:18:12]  DNS resolution failed for tracker udp://denis.stalker.h3q.com:6969/announce
[16:48:14]  DNS resolution failed for tracker udp://denis.stalker.h3q.com:6969/announce
[17:18:17]  DNS resolution failed for tracker udp://denis.stalker.h3q.com:6969/announce
[17:47:28]  DNS resolution failed for tracker udp://denis.stalker.h3q.com:6969/announce
[17:47:41]  DNS resolution failed for tracker udp://denis.stalker.h3q.com:6969/announce
[17:47:59]  DNS resolution failed for tracker udp://denis.stalker.h3q.com:6969/announce
[18:47:32]  DNS resolution failed for tracker udp://denis.stalker.h3q.com:6969/announce
[18:47:42]  DNS resolution failed for tracker udp://denis.stalker.h3q.com:6969/announce
[18:48:14]  DNS resolution failed for tracker udp://denis.stalker.h3q.com:6969/announce
[19:31:29]  *** The.Borgias.S01E04.Lucrezias.Wedding.HDTV.XviD-FQM.[VTV].avi: PIECE 187 FAILED HASH CHECK
[19:35:33]  Banned 196.207.227.218:10267
[19:47:36]  DNS resolution failed for tracker udp://denis.stalker.h3q.com:6969/announce
[19:47:43]  DNS resolution failed for tracker udp://denis.stalker.h3q.com:6969/announce
[19:48:24]  DNS resolution failed for tracker udp://denis.stalker.h3q.com:6969/announce
[20:19:17]  *** The.Borgias.S01E04.Lucrezias.Wedding.HDTV.XviD-FQM.[VTV].avi: PIECE 130 FAILED HASH CHECK
[20:46:56]  DNS resolution failed for tracker udp://denis.stalker.h3q.com:6969/announce
[21:16:56]  DNS resolution failed for tracker udp://denis.stalker.h3q.com:6969/announce
[21:47:03]  DNS resolution failed for tracker udp://denis.stalker.h3q.com:6969/announce
[21:59:44]  *** The.Borgias.S01E04.Lucrezias.Wedding.HDTV.XviD-FQM.[VTV].avi: PIECE 98 FAILED HASH CHECK
[22:17:05]  DNS resolution failed for tracker udp://denis.stalker.h3q.com:6969/announce
[22:47:06]  DNS resolution failed for tracker udp://tracker.thepiratebay.org:80/announce
[22:47:07]  DNS resolution failed for tracker udp://denis.stalker.h3q.com:6969/announce
[23:17:27]  DNS resolution failed for tracker udp://inferno.demonoid.com:3397/announce
[23:18:15]  DNS resolution failed for tracker udp://denis.stalker.h3q.com:6969/announce
[23:47:11]  DNS resolution failed for tracker udp://denis.stalker.h3q.com:6969/announce
[00:17:12]  DNS resolution failed for tracker udp://denis.stalker.h3q.com:6969/announce
[00:47:15]  DNS resolution failed for tracker udp://denis.stalker.h3q.com:6969/announce
[01:17:17]  DNS resolution failed for tracker udp://denis.stalker.h3q.com:6969/announce
[01:47:19]  DNS resolution failed for tracker udp://denis.stalker.h3q.com:6969/announce
[02:17:21]  DNS resolution failed for tracker udp://denis.stalker.h3q.com:6969/announce
[02:47:23]  DNS resolution failed for tracker udp://denis.stalker.h3q.com:6969/announce
[03:17:24]  DNS resolution failed for tracker udp://denis.stalker.h3q.com:6969/announce
[03:47:27]  DNS resolution failed for tracker udp://denis.stalker.h3q.com:6969/announce
[04:17:29]  DNS resolution failed for tracker udp://denis.stalker.h3q.com:6969/announce
[04:47:31]  DNS resolution failed for tracker udp://denis.stalker.h3q.com:6969/announce
[05:17:33]  DNS resolution failed for tracker udp://denis.stalker.h3q.com:6969/announce
[05:47:35]  DNS resolution failed for tracker udp://denis.stalker.h3q.com:6969/announce
[06:17:37]  DNS resolution failed for tracker udp://denis.stalker.h3q.com:6969/announce
[06:47:38]  DNS resolution failed for tracker udp://denis.stalker.h3q.com:6969/announce
[07:17:39]  DNS resolution failed for tracker udp://denis.stalker.h3q.com:6969/announce
[07:47:43]  DNS resolution failed for tracker udp://denis.stalker.h3q.com:6969/announce
[07:58:41]  Unable to load "": Is a directory!
[08:17:24]  DNS resolution failed for tracker udp://tracker.thepiratebay.org:80/announce
[08:17:45]  DNS resolution failed for tracker udp://denis.stalker.h3q.com:6969/announce
[08:47:47]  DNS resolution failed for tracker udp://denis.stalker.h3q.com:6969/announce
[09:04:33]  *** House.S07E19.HDTV.XviD-LOL.avi: PIECE 635 FAILED HASH CHECK
[09:14:44]  Unable to load "": Is a directory!
[09:15:23]  Unable to load "": Is a directory!
[09:15:59]  Unable to load "": Is a directory!
[09:17:49]  DNS resolution failed for tracker udp://denis.stalker.h3q.com:6969/announce
[09:22:15]  Unable to load "": Is a directory!
[09:36:17]  *** Nurse.Jackie.S03E04.HDTV.XviD-LOL.avi: PIECE 447 FAILED HASH CHECK
[09:47:51]  DNS resolution failed for tracker udp://denis.stalker.h3q.com:6969/announce
[10:17:53]  DNS resolution failed for tracker udp://denis.stalker.h3q.com:6969/announce
[10:47:59]  DNS resolution failed for tracker udp://denis.stalker.h3q.com:6969/announce
[11:18:02]  DNS resolution failed for tracker udp://denis.stalker.h3q.com:6969/announce
[11:48:04]  DNS resolution failed for tracker udp://denis.stalker.h3q.com:6969/announce
[12:14:35]  Unable to load "": Is a directory!
[12:14:50]  Unable to load "": Is a directory!
[12:15:09]  Unable to load "": Is a directory!
[12:16:57]  Unable to load "": Is a directory!
[12:18:06]  DNS resolution failed for tracker udp://denis.stalker.h3q.com:6969/announce
[12:48:08]  DNS resolution failed for tracker udp://denis.stalker.h3q.com:6969/announce
[13:18:09]  DNS resolution failed for tracker udp://denis.stalker.h3q.com:6969/announce
[13:48:12]  DNS resolution failed for tracker udp://denis.stalker.h3q.com:6969/announce
[14:18:14]  DNS resolution failed for tracker udp://denis.stalker.h3q.com:6969/announce
[14:48:16]  DNS resolution failed for tracker udp://denis.stalker.h3q.com:6969/announce
[15:18:18]  DNS resolution failed for tracker udp://denis.stalker.h3q.com:6969/announce
[15:48:20]  DNS resolution failed for tracker udp://denis.stalker.h3q.com:6969/announce
[16:18:22]  DNS resolution failed for tracker udp://denis.stalker.h3q.com:6969/announce
[16:48:24]  DNS resolution failed for tracker udp://denis.stalker.h3q.com:6969/announce
[17:18:26]  DNS resolution failed for tracker udp://denis.stalker.h3q.com:6969/announce
[17:46:59]  DNS resolution failed for tracker udp://denis.stalker.h3q.com:6969/announce
[17:47:02]  DNS resolution failed for tracker udp://denis.stalker.h3q.com:6969/announce
[17:47:03]  DNS resolution failed for tracker udp://denis.stalker.h3q.com:6969/announce
[18:47:07]  DNS resolution failed for tracker udp://denis.stalker.h3q.com:6969/announce
[18:47:14]  DNS resolution failed for tracker udp://denis.stalker.h3q.com:6969/announce
[18:47:16]  DNS resolution failed for tracker udp://denis.stalker.h3q.com:6969/announce
[19:01:33]  *** Cougar.Town.S02E15.HDTV.XviD-LOL.avi: PIECE 86 FAILED HASH CHECK
[19:47:11]  DNS resolution failed for tracker udp://denis.stalker.h3q.com:6969/announce
[19:47:17]  DNS resolution failed for tracker udp://denis.stalker.h3q.com:6969/announce
[19:47:29]  DNS resolution failed for tracker udp://denis.stalker.h3q.com:6969/announce
[20:46:52]  DNS resolution failed for tracker udp://denis.stalker.h3q.com:6969/announce
[21:16:59]  DNS resolution failed for tracker udp://denis.stalker.h3q.com:6969/announce
[21:47:02]  DNS resolution failed for tracker udp://denis.stalker.h3q.com:6969/announce
[22:17:04]  DNS resolution failed for tracker udp://denis.stalker.h3q.com:6969/announce
[22:47:06]  DNS resolution failed for tracker udp://denis.stalker.h3q.com:6969/announce
[22:53:25]  Unable to load "": Is a directory!
[22:53:42]  Unable to load "": Is a directory!
[23:17:09]  DNS resolution failed for tracker udp://denis.stalker.h3q.com:6969/announce
[23:47:10]  DNS resolution failed for tracker udp://denis.stalker.h3q.com:6969/announce
[00:17:12]  DNS resolution failed for tracker udp://denis.stalker.h3q.com:6969/announce
[00:47:14]  DNS resolution failed for tracker udp://denis.stalker.h3q.com:6969/announce
[01:17:16]  DNS resolution failed for tracker udp://denis.stalker.h3q.com:6969/announce
[01:47:18]  DNS resolution failed for tracker udp://denis.stalker.h3q.com:6969/announce
[02:17:21]  DNS resolution failed for tracker udp://denis.stalker.h3q.com:6969/announce
[02:47:22]  DNS resolution failed for tracker udp://denis.stalker.h3q.com:6969/announce
[03:17:24]  DNS resolution failed for tracker udp://denis.stalker.h3q.com:6969/announce
[03:47:25]  DNS resolution failed for tracker udp://denis.stalker.h3q.com:6969/announce
[04:17:28]  DNS resolution failed for tracker udp://denis.stalker.h3q.com:6969/announce
[04:47:29]  DNS resolution failed for tracker udp://denis.stalker.h3q.com:6969/announce
[05:17:33]  DNS resolution failed for tracker udp://denis.stalker.h3q.com:6969/announce
[05:47:34]  DNS resolution failed for tracker udp://denis.stalker.h3q.com:6969/announce
[06:17:36]  DNS resolution failed for tracker udp://denis.stalker.h3q.com:6969/announce
[06:47:38]  DNS resolution failed for tracker udp://denis.stalker.h3q.com:6969/announce
[07:17:40]  DNS resolution failed for tracker udp://denis.stalker.h3q.com:6969/announce
[07:35:26]  Unable to load "": Is a directory!
[07:47:42]  DNS resolution failed for tracker udp://denis.stalker.h3q.com:6969/announce
[08:17:45]  DNS resolution failed for tracker udp://denis.stalker.h3q.com:6969/announce
[08:47:46]  DNS resolution failed for tracker udp://denis.stalker.h3q.com:6969/announce
[09:06:41]  Unable to load "": Is a directory!
[09:08:59]  uT HTTP torrent add of '/tmp/00005fe2-0025.utt' succeeded
[09:12:43]  Unable to load "00005fe2-0028.utt": Torrent is already loaded!
[09:17:48]  DNS resolution failed for tracker udp://denis.stalker.h3q.com:6969/announce
[09:47:50]  DNS resolution failed for tracker udp://denis.stalker.h3q.com:6969/announce
[10:02:24]  DNS resolution failed for tracker udp://tracker.ccc.de:80/announce
[10:17:51]  DNS resolution failed for tracker udp://denis.stalker.h3q.com:6969/announce
[10:30:28]  Moving files from '/home/anto/bt_dl/utorrent-server-v3_0' to '/home/anto/bt_dl/done/tv/utorrent-server-v3_0'
[10:47:54]  DNS resolution failed for tracker udp://denis.stalker.h3q.com:6969/announce
[11:17:57]  DNS resolution failed for tracker udp://denis.stalker.h3q.com:6969/announce
[11:47:58]  DNS resolution failed for tracker udp://denis.stalker.h3q.com:6969/announce
[12:17:59]  DNS resolution failed for tracker udp://denis.stalker.h3q.com:6969/announce
[12:48:01]  DNS resolution failed for tracker udp://denis.stalker.h3q.com:6969/announce
[13:18:04]  DNS resolution failed for tracker udp://denis.stalker.h3q.com:6969/announce
[13:48:06]  DNS resolution failed for tracker udp://denis.stalker.h3q.com:6969/announce
[14:18:09]  DNS resolution failed for tracker udp://denis.stalker.h3q.com:6969/announce
[14:48:10]  DNS resolution failed for tracker udp://denis.stalker.h3q.com:6969/announce
[15:18:12]  DNS resolution failed for tracker udp://denis.stalker.h3q.com:6969/announce
[15:48:14]  DNS resolution failed for tracker udp://denis.stalker.h3q.com:6969/announce
[16:18:16]  DNS resolution failed for tracker udp://denis.stalker.h3q.com:6969/announce
[16:48:17]  DNS resolution failed for tracker udp://denis.stalker.h3q.com:6969/announce
[17:18:21]  DNS resolution failed for tracker udp://denis.stalker.h3q.com:6969/announce
[17:46:59]  DNS resolution failed for tracker udp://denis.stalker.h3q.com:6969/announce
[17:47:26]  DNS resolution failed for tracker udp://denis.stalker.h3q.com:6969/announce
[17:47:31]  DNS resolution failed for tracker udp://denis.stalker.h3q.com:6969/announce
[17:56:22]  Error opening "/home/anto/bt_dl/done/tv/Private.Practice.S04E18.HDTV.XviD-LOL.[VTV].avi": 
[18:02:39]  Error opening "/home/anto/bt_dl/done/tv/Criminal.Minds.S06E21.HDTV.XviD-LOL.[VTV].avi": 
[18:02:39]  Error opening "/home/anto/bt_dl/done/tv/Criminal.Minds.S06E21.HDTV.XviD-LOL.[VTV].avi": 
[18:44:32]  Error opening "/home/anto/bt_dl/done/tv/Criminal.Minds.S06E20.HDTV.XviD-LOL.[VTV].avi": 
[18:47:14]  DNS resolution failed for tracker udp://denis.stalker.h3q.com:6969/announce
[18:47:33]  DNS resolution failed for tracker udp://denis.stalker.h3q.com:6969/announce
[18:47:41]  DNS resolution failed for tracker udp://denis.stalker.h3q.com:6969/announce
[19:29:17]  *** Body.of.Proof.S01E05.HDTV.XviD-LOL.[VTV].avi: PIECE 60 FAILED HASH CHECK
[19:47:17]  DNS resolution failed for tracker udp://denis.stalker.h3q.com:6969/announce
[19:47:46]  DNS resolution failed for tracker udp://denis.stalker.h3q.com:6969/announce
[19:47:57]  DNS resolution failed for tracker udp://denis.stalker.h3q.com:6969/announce
[20:33:46]  Error opening "/home/anto/bt_dl/done/tv/Criminal.Minds.S06E20.HDTV.XviD-LOL.[VTV].avi": 
[20:40:49]  Error opening "/home/anto/bt_dl/done/tv/Criminal.Minds.S06E19.HDTV.XviD-LOL.[VTV].avi": 
[20:46:53]  DNS resolution failed for tracker udp://denis.stalker.h3q.com:6969/announce
[21:16:55]  DNS resolution failed for tracker udp://denis.stalker.h3q.com:6969/announce
[21:46:56]  DNS resolution failed for tracker udp://denis.stalker.h3q.com:6969/announce
[22:16:59]  DNS resolution failed for tracker udp://denis.stalker.h3q.com:6969/announce
[22:47:01]  DNS resolution failed for tracker udp://denis.stalker.h3q.com:6969/announce
[23:17:02]  DNS resolution failed for tracker udp://denis.stalker.h3q.com:6969/announce
[23:47:05]  DNS resolution failed for tracker udp://denis.stalker.h3q.com:6969/announce
[00:17:07]  DNS resolution failed for tracker udp://denis.stalker.h3q.com:6969/announce
[00:47:09]  DNS resolution failed for tracker udp://denis.stalker.h3q.com:6969/announce
[01:17:11]  DNS resolution failed for tracker udp://denis.stalker.h3q.com:6969/announce
[01:47:13]  DNS resolution failed for tracker udp://denis.stalker.h3q.com:6969/announce
[02:17:15]  DNS resolution failed for tracker udp://denis.stalker.h3q.com:6969/announce
[02:47:17]  DNS resolution failed for tracker udp://denis.stalker.h3q.com:6969/announce
[03:17:19]  DNS resolution failed for tracker udp://denis.stalker.h3q.com:6969/announce
[03:47:21]  DNS resolution failed for tracker udp://denis.stalker.h3q.com:6969/announce
[04:17:22]  DNS resolution failed for tracker udp://denis.stalker.h3q.com:6969/announce
[04:47:25]  DNS resolution failed for tracker udp://denis.stalker.h3q.com:6969/announce
[05:17:27]  DNS resolution failed for tracker udp://denis.stalker.h3q.com:6969/announce
[05:47:29]  DNS resolution failed for tracker udp://denis.stalker.h3q.com:6969/announce
[06:17:31]  DNS resolution failed for tracker udp://denis.stalker.h3q.com:6969/announce
[06:47:32]  DNS resolution failed for tracker udp://denis.stalker.h3q.com:6969/announce
[07:17:37]  DNS resolution failed for tracker udp://denis.stalker.h3q.com:6969/announce
[07:33:39]  *** Modern.Family.S02E20.HDTV.XviD-LOL.avi: PIECE 52 FAILED HASH CHECK
[07:38:31]  *** Modern.Family.S02E20.HDTV.XviD-LOL.avi: PIECE 258 FAILED HASH CHECK
[07:47:37]  DNS resolution failed for tracker udp://denis.stalker.h3q.com:6969/announce
[08:17:39]  DNS resolution failed for tracker udp://denis.stalker.h3q.com:6969/announce
[08:47:41]  DNS resolution failed for tracker udp://denis.stalker.h3q.com:6969/announce
[09:17:43]  DNS resolution failed for tracker udp://denis.stalker.h3q.com:6969/announce
[09:47:45]  DNS resolution failed for tracker udp://denis.stalker.h3q.com:6969/announce
[10:17:47]  DNS resolution failed for tracker udp://denis.stalker.h3q.com:6969/announce
[10:47:48]  DNS resolution failed for tracker udp://denis.stalker.h3q.com:6969/announce
[11:17:51]  DNS resolution failed for tracker udp://denis.stalker.h3q.com:6969/announce
[11:47:53]  DNS resolution failed for tracker udp://denis.stalker.h3q.com:6969/announce
[12:17:55]  DNS resolution failed for tracker udp://denis.stalker.h3q.com:6969/announce
[12:47:57]  DNS resolution failed for tracker udp://denis.stalker.h3q.com:6969/announce
[13:17:59]  DNS resolution failed for tracker udp://denis.stalker.h3q.com:6969/announce
[13:48:01]  DNS resolution failed for tracker udp://denis.stalker.h3q.com:6969/announce
[14:18:02]  DNS resolution failed for tracker udp://denis.stalker.h3q.com:6969/announce
[14:48:05]  DNS resolution failed for tracker udp://denis.stalker.h3q.com:6969/announce
[15:18:07]  DNS resolution failed for tracker udp://denis.stalker.h3q.com:6969/announce
[15:48:09]  DNS resolution failed for tracker udp://denis.stalker.h3q.com:6969/announce
[16:18:11]  DNS resolution failed for tracker udp://denis.stalker.h3q.com:6969/announce
[16:48:13]  DNS resolution failed for tracker udp://denis.stalker.h3q.com:6969/announce
[17:18:14]  DNS resolution failed for tracker udp://denis.stalker.h3q.com:6969/announce
[17:47:26]  DNS resolution failed for tracker udp://denis.stalker.h3q.com:6969/announce
[17:47:42]  DNS resolution failed for tracker udp://denis.stalker.h3q.com:6969/announce
[17:47:47]  DNS resolution failed for tracker udp://denis.stalker.h3q.com:6969/announce
[18:03:18]  *** MythBusters.S09E03.Running.on.Water.HDTV.XviD-FQM.avi: PIECE 571 FAILED HASH CHECK
[18:03:49]  *** MythBusters.S09E03.Running.on.Water.HDTV.XviD-FQM.avi: PIECE 233 FAILED HASH CHECK
[18:47:47]  DNS resolution failed for tracker udp://denis.stalker.h3q.com:6969/announce
[18:47:56]  DNS resolution failed for tracker udp://denis.stalker.h3q.com:6969/announce
[18:48:02]  DNS resolution failed for tracker udp://denis.stalker.h3q.com:6969/announce
[18:58:59]  *** MythBusters.S09E03.Running.on.Water.HDTV.XviD-FQM.avi: PIECE 380 FAILED HASH CHECK
[18:59:41]  *** MythBusters.S09E03.Running.on.Water.HDTV.XviD-FQM.avi: PIECE 622 FAILED HASH CHECK
[19:14:51]  Banned 14.39.183.27:26193
[19:36:45]  DNS resolution failed for tracker udp://tracker.openbittorrent.com:80/announce
[19:47:51]  DNS resolution failed for tracker udp://denis.stalker.h3q.com:6969/announce
[19:47:57]  DNS resolution failed for tracker udp://denis.stalker.h3q.com:6969/announce
[19:48:17]  DNS resolution failed for tracker udp://denis.stalker.h3q.com:6969/announce
[20:18:59]  DNS resolution failed for tracker udp://tracker.ccc.de:80/announce
[20:46:53]  DNS resolution failed for tracker udp://denis.stalker.h3q.com:6969/announce
[21:17:00]  DNS resolution failed for tracker udp://denis.stalker.h3q.com:6969/announce
[21:47:02]  DNS resolution failed for tracker udp://denis.stalker.h3q.com:6969/announce
[22:17:10]  DNS resolution failed for tracker udp://denis.stalker.h3q.com:6969/announce
[22:47:12]  DNS resolution failed for tracker udp://denis.stalker.h3q.com:6969/announce
[23:17:14]  DNS resolution failed for tracker udp://denis.stalker.h3q.com:6969/announce
[23:47:16]  DNS resolution failed for tracker udp://denis.stalker.h3q.com:6969/announce
[00:17:17]  DNS resolution failed for tracker udp://denis.stalker.h3q.com:6969/announce
[00:47:20]  DNS resolution failed for tracker udp://denis.stalker.h3q.com:6969/announce
[01:17:22]  DNS resolution failed for tracker udp://denis.stalker.h3q.com:6969/announce
[01:47:24]  DNS resolution failed for tracker udp://denis.stalker.h3q.com:6969/announce
[02:17:26]  DNS resolution failed for tracker udp://denis.stalker.h3q.com:6969/announce
[02:47:28]  DNS resolution failed for tracker udp://denis.stalker.h3q.com:6969/announce
[03:17:30]  DNS resolution failed for tracker udp://denis.stalker.h3q.com:6969/announce
[03:47:32]  DNS resolution failed for tracker udp://denis.stalker.h3q.com:6969/announce
[04:17:33]  DNS resolution failed for tracker udp://denis.stalker.h3q.com:6969/announce
[04:47:36]  DNS resolution failed for tracker udp://denis.stalker.h3q.com:6969/announce
[05:17:38]  DNS resolution failed for tracker udp://denis.stalker.h3q.com:6969/announce
[05:47:40]  DNS resolution failed for tracker udp://denis.stalker.h3q.com:6969/announce
[06:17:45]  DNS resolution failed for tracker udp://denis.stalker.h3q.com:6969/announce
[06:47:44]  DNS resolution failed for tracker udp://denis.stalker.h3q.com:6969/announce
[07:17:46]  DNS resolution failed for tracker udp://denis.stalker.h3q.com:6969/announce
[07:47:47]  DNS resolution failed for tracker udp://denis.stalker.h3q.com:6969/announce
[08:17:50]  DNS resolution failed for tracker udp://denis.stalker.h3q.com:6969/announce
[08:47:52]  DNS resolution failed for tracker udp://denis.stalker.h3q.com:6969/announce
[09:17:54]  DNS resolution failed for tracker udp://denis.stalker.h3q.com:6969/announce
[09:47:56]  DNS resolution failed for tracker udp://denis.stalker.h3q.com:6969/announce
[10:17:58]  DNS resolution failed for tracker udp://denis.stalker.h3q.com:6969/announce
[10:47:59]  DNS resolution failed for tracker udp://denis.stalker.h3q.com:6969/announce
[11:18:02]  DNS resolution failed for tracker udp://denis.stalker.h3q.com:6969/announce
[11:48:04]  DNS resolution failed for tracker udp://denis.stalker.h3q.com:6969/announce
[12:18:06]  DNS resolution failed for tracker udp://denis.stalker.h3q.com:6969/announce
[12:48:08]  DNS resolution failed for tracker udp://denis.stalker.h3q.com:6969/announce
[13:18:10]  DNS resolution failed for tracker udp://denis.stalker.h3q.com:6969/announce
[13:48:12]  DNS resolution failed for tracker udp://denis.stalker.h3q.com:6969/announce
[14:18:14]  DNS resolution failed for tracker udp://denis.stalker.h3q.com:6969/announce
[14:48:16]  DNS resolution failed for tracker udp://denis.stalker.h3q.com:6969/announce
[15:18:17]  DNS resolution failed for tracker udp://denis.stalker.h3q.com:6969/announce
[15:48:20]  DNS resolution failed for tracker udp://denis.stalker.h3q.com:6969/announce
[16:18:22]  DNS resolution failed for tracker udp://denis.stalker.h3q.com:6969/announce
[16:48:24]  DNS resolution failed for tracker udp://denis.stalker.h3q.com:6969/announce
[17:18:25]  DNS resolution failed for tracker udp://denis.stalker.h3q.com:6969/announce
[17:47:20]  DNS resolution failed for tracker udp://denis.stalker.h3q.com:6969/announce
[17:47:40]  DNS resolution failed for tracker udp://denis.stalker.h3q.com:6969/announce
[17:48:01]  DNS resolution failed for tracker udp://denis.stalker.h3q.com:6969/announce
[18:31:33]  DNS resolution failed for tracker udp://tracker.ccc.de:80/announce
[18:47:24]  DNS resolution failed for tracker udp://denis.stalker.h3q.com:6969/announce
[18:47:41]  DNS resolution failed for tracker udp://denis.stalker.h3q.com:6969/announce
[18:48:02]  DNS resolution failed for tracker udp://denis.stalker.h3q.com:6969/announce
[19:47:00]  DNS resolution failed for tracker udp://denis.stalker.h3q.com:6969/announce
[20:16:56]  DNS resolution failed for tracker udp://denis.stalker.h3q.com:6969/announce
[20:46:58]  DNS resolution failed for tracker udp://denis.stalker.h3q.com:6969/announce
[21:17:00]  DNS resolution failed for tracker udp://denis.stalker.h3q.com:6969/announce
[21:47:02]  DNS resolution failed for tracker udp://denis.stalker.h3q.com:6969/announce
[22:17:04]  DNS resolution failed for tracker udp://denis.stalker.h3q.com:6969/announce
[22:47:06]  DNS resolution failed for tracker udp://denis.stalker.h3q.com:6969/announce
[23:17:08]  DNS resolution failed for tracker udp://denis.stalker.h3q.com:6969/announce
[23:47:10]  DNS resolution failed for tracker udp://denis.stalker.h3q.com:6969/announce
[00:17:12]  DNS resolution failed for tracker udp://denis.stalker.h3q.com:6969/announce
[00:47:14]  DNS resolution failed for tracker udp://denis.stalker.h3q.com:6969/announce
[01:17:15]  DNS resolution failed for tracker udp://denis.stalker.h3q.com:6969/announce
[01:47:17]  DNS resolution failed for tracker udp://denis.stalker.h3q.com:6969/announce
[02:17:20]  DNS resolution failed for tracker udp://denis.stalker.h3q.com:6969/announce
[02:47:22]  DNS resolution failed for tracker udp://denis.stalker.h3q.com:6969/announce
[03:17:24]  DNS resolution failed for tracker udp://denis.stalker.h3q.com:6969/announce
[03:47:26]  DNS resolution failed for tracker udp://denis.stalker.h3q.com:6969/announce
[04:17:28]  DNS resolution failed for tracker udp://denis.stalker.h3q.com:6969/announce
[04:47:30]  DNS resolution failed for tracker udp://denis.stalker.h3q.com:6969/announce
[05:17:32]  DNS resolution failed for tracker udp://denis.stalker.h3q.com:6969/announce
[05:47:34]  DNS resolution failed for tracker udp://denis.stalker.h3q.com:6969/announce
[06:17:36]  DNS resolution failed for tracker udp://denis.stalker.h3q.com:6969/announce
[06:47:38]  DNS resolution failed for tracker udp://denis.stalker.h3q.com:6969/announce
[07:17:40]  DNS resolution failed for tracker udp://denis.stalker.h3q.com:6969/announce
[07:47:41]  DNS resolution failed for tracker udp://denis.stalker.h3q.com:6969/announce
[08:17:44]  DNS resolution failed for tracker udp://denis.stalker.h3q.com:6969/announce
[08:47:46]  DNS resolution failed for tracker udp://denis.stalker.h3q.com:6969/announce
[09:17:47]  DNS resolution failed for tracker udp://denis.stalker.h3q.com:6969/announce
[09:47:50]  DNS resolution failed for tracker udp://denis.stalker.h3q.com:6969/announce
[10:17:52]  DNS resolution failed for tracker udp://denis.stalker.h3q.com:6969/announce
[10:47:54]  DNS resolution failed for tracker udp://denis.stalker.h3q.com:6969/announce
[11:17:56]  DNS resolution failed for tracker udp://denis.stalker.h3q.com:6969/announce
[11:47:58]  DNS resolution failed for tracker udp://denis.stalker.h3q.com:6969/announce
[11:50:05]  Unable to load "00005fe2-0030.utt": Torrent is already loaded!
[11:50:19]  Unable to load "00005fe2-0031.utt": Torrent is already loaded!
[11:50:54]  Unable to load "00005fe2-0032.utt": Torrent is already loaded!
[11:52:02]  Unable to load "00005fe2-0033.utt": Torrent is already loaded!
[11:52:02]  uT HTTP torrent add of '/tmp/00005fe2-0033.utt' succeeded
[12:18:00]  DNS resolution failed for tracker udp://denis.stalker.h3q.com:6969/announce
[12:48:02]  DNS resolution failed for tracker udp://denis.stalker.h3q.com:6969/announce
[13:18:04]  DNS resolution failed for tracker udp://denis.stalker.h3q.com:6969/announce
[13:48:06]  DNS resolution failed for tracker udp://denis.stalker.h3q.com:6969/announce
[14:18:07]  DNS resolution failed for tracker udp://denis.stalker.h3q.com:6969/announce
[14:48:10]  DNS resolution failed for tracker udp://denis.stalker.h3q.com:6969/announce
[15:18:12]  DNS resolution failed for tracker udp://denis.stalker.h3q.com:6969/announce
[15:47:23]  DNS resolution failed for tracker udp://denis.stalker.h3q.com:6969/announce
[15:47:36]  DNS resolution failed for tracker udp://denis.stalker.h3q.com:6969/announce
[15:47:47]  DNS resolution failed for tracker udp://denis.stalker.h3q.com:6969/announce
[16:47:27]  DNS resolution failed for tracker udp://denis.stalker.h3q.com:6969/announce
[16:47:37]  DNS resolution failed for tracker udp://denis.stalker.h3q.com:6969/announce
[16:48:15]  DNS resolution failed for tracker udp://denis.stalker.h3q.com:6969/announce
[17:21:06]  Error opening "/home/anto/bt_dl/done/tv/Private.Practice.S04E17.HDTV.XviD-LOL.[VTV].avi": 
[17:47:31]  DNS resolution failed for tracker udp://denis.stalker.h3q.com:6969/announce
[17:47:38]  DNS resolution failed for tracker udp://denis.stalker.h3q.com:6969/announce
[17:48:17]  DNS resolution failed for tracker udp://denis.stalker.h3q.com:6969/announce
[18:47:35]  DNS resolution failed for tracker udp://denis.stalker.h3q.com:6969/announce
[18:47:39]  DNS resolution failed for tracker udp://denis.stalker.h3q.com:6969/announce
[18:48:25]  DNS resolution failed for tracker udp://denis.stalker.h3q.com:6969/announce
[19:11:35]  DNS resolution failed for tracker udp://tracker.openbittorrent.com:80/announce
[19:11:40]  DNS resolution failed for tracker udp://tracker.openbittorrent.com:80/announce
[19:47:00]  DNS resolution failed for tracker udp://denis.stalker.h3q.com:6969/announce
[20:17:03]  DNS resolution failed for tracker udp://denis.stalker.h3q.com:6969/announce
[20:47:05]  DNS resolution failed for tracker udp://denis.stalker.h3q.com:6969/announce
[21:17:07]  DNS resolution failed for tracker udp://denis.stalker.h3q.com:6969/announce
[21:47:09]  DNS resolution failed for tracker udp://denis.stalker.h3q.com:6969/announce
[22:17:10]  DNS resolution failed for tracker udp://denis.stalker.h3q.com:6969/announce
[22:47:13]  DNS resolution failed for tracker udp://denis.stalker.h3q.com:6969/announce
[23:17:15]  DNS resolution failed for tracker udp://denis.stalker.h3q.com:6969/announce
[23:47:17]  DNS resolution failed for tracker udp://denis.stalker.h3q.com:6969/announce
[00:17:19]  DNS resolution failed for tracker udp://denis.stalker.h3q.com:6969/announce
[00:47:21]  DNS resolution failed for tracker udp://denis.stalker.h3q.com:6969/announce
[01:17:23]  DNS resolution failed for tracker udp://denis.stalker.h3q.com:6969/announce
[01:47:25]  DNS resolution failed for tracker udp://denis.stalker.h3q.com:6969/announce
[02:17:27]  DNS resolution failed for tracker udp://denis.stalker.h3q.com:6969/announce
[02:47:29]  DNS resolution failed for tracker udp://denis.stalker.h3q.com:6969/announce
[03:17:30]  DNS resolution failed for tracker udp://denis.stalker.h3q.com:6969/announce
[03:47:33]  DNS resolution failed for tracker udp://denis.stalker.h3q.com:6969/announce
[04:17:35]  DNS resolution failed for tracker udp://denis.stalker.h3q.com:6969/announce
[04:47:36]  DNS resolution failed for tracker udp://denis.stalker.h3q.com:6969/announce
[05:17:39]  DNS resolution failed for tracker udp://denis.stalker.h3q.com:6969/announce
[05:47:41]  DNS resolution failed for tracker udp://denis.stalker.h3q.com:6969/announce
[06:17:43]  DNS resolution failed for tracker udp://denis.stalker.h3q.com:6969/announce
[06:47:45]  DNS resolution failed for tracker udp://denis.stalker.h3q.com:6969/announce
[07:17:47]  DNS resolution failed for tracker udp://denis.stalker.h3q.com:6969/announce
[07:47:49]  DNS resolution failed for tracker udp://denis.stalker.h3q.com:6969/announce
[08:17:51]  DNS resolution failed for tracker udp://denis.stalker.h3q.com:6969/announce
[08:47:53]  DNS resolution failed for tracker udp://denis.stalker.h3q.com:6969/announce
[09:17:55]  DNS resolution failed for tracker udp://denis.stalker.h3q.com:6969/announce
[09:47:57]  DNS resolution failed for tracker udp://denis.stalker.h3q.com:6969/announce
[10:17:59]  DNS resolution failed for tracker udp://denis.stalker.h3q.com:6969/announce
[10:48:00]  DNS resolution failed for tracker udp://denis.stalker.h3q.com:6969/announce
[11:18:02]  DNS resolution failed for tracker udp://denis.stalker.h3q.com:6969/announce
[11:48:05]  DNS resolution failed for tracker udp://denis.stalker.h3q.com:6969/announce
[12:18:07]  DNS resolution failed for tracker udp://denis.stalker.h3q.com:6969/announce
[12:48:09]  DNS resolution failed for tracker udp://denis.stalker.h3q.com:6969/announce
[13:18:11]  DNS resolution failed for tracker udp://denis.stalker.h3q.com:6969/announce
[13:48:13]  DNS resolution failed for tracker udp://denis.stalker.h3q.com:6969/announce
[14:18:15]  DNS resolution failed for tracker udp://denis.stalker.h3q.com:6969/announce
[14:48:17]  DNS resolution failed for tracker udp://denis.stalker.h3q.com:6969/announce
[15:18:19]  DNS resolution failed for tracker udp://denis.stalker.h3q.com:6969/announce
[15:47:30]  DNS resolution failed for tracker udp://denis.stalker.h3q.com:6969/announce
[15:47:34]  DNS resolution failed for tracker udp://denis.stalker.h3q.com:6969/announce
[15:47:45]  DNS resolution failed for tracker udp://denis.stalker.h3q.com:6969/announce
[16:42:17]  Moving files from '/home/anto/bt_dl/utorrent-server-v3_0' to '/home/anto/bt_dl/done/tv/utorrent-server-v3_0'
[16:47:38]  DNS resolution failed for tracker udp://denis.stalker.h3q.com:6969/announce
[16:47:38]  DNS resolution failed for tracker udp://denis.stalker.h3q.com:6969/announce
[16:47:48]  DNS resolution failed for tracker udp://denis.stalker.h3q.com:6969/announce
[17:47:42]  DNS resolution failed for tracker udp://denis.stalker.h3q.com:6969/announce
[17:47:44]  DNS resolution failed for tracker udp://denis.stalker.h3q.com:6969/announce
[17:48:00]  DNS resolution failed for tracker udp://denis.stalker.h3q.com:6969/announce
[18:47:43]  DNS resolution failed for tracker udp://denis.stalker.h3q.com:6969/announce
[18:47:48]  DNS resolution failed for tracker udp://denis.stalker.h3q.com:6969/announce
[18:48:06]  DNS resolution failed for tracker udp://denis.stalker.h3q.com:6969/announce
[19:47:44]  DNS resolution failed for tracker udp://denis.stalker.h3q.com:6969/announce
[19:47:52]  DNS resolution failed for tracker udp://denis.stalker.h3q.com:6969/announce
[19:48:09]  DNS resolution failed for tracker udp://denis.stalker.h3q.com:6969/announce
[20:47:48]  DNS resolution failed for tracker udp://denis.stalker.h3q.com:6969/announce
[20:48:02]  DNS resolution failed for tracker udp://denis.stalker.h3q.com:6969/announce
[20:48:24]  DNS resolution failed for tracker udp://denis.stalker.h3q.com:6969/announce
[21:22:32]  DNS resolution failed for tracker udp://tracker.openbittorrent.com:80/announce
[21:46:55]  DNS resolution failed for tracker udp://denis.stalker.h3q.com:6969/announce
[22:16:57]  DNS resolution failed for tracker udp://denis.stalker.h3q.com:6969/announce
[22:46:58]  DNS resolution failed for tracker udp://denis.stalker.h3q.com:6969/announce
[23:17:01]  DNS resolution failed for tracker udp://denis.stalker.h3q.com:6969/announce
[23:47:03]  DNS resolution failed for tracker udp://denis.stalker.h3q.com:6969/announce
[00:17:05]  DNS resolution failed for tracker udp://denis.stalker.h3q.com:6969/announce
[00:47:08]  DNS resolution failed for tracker udp://denis.stalker.h3q.com:6969/announce
[01:17:09]  DNS resolution failed for tracker udp://denis.stalker.h3q.com:6969/announce
[01:47:11]  DNS resolution failed for tracker udp://denis.stalker.h3q.com:6969/announce
[02:17:13]  DNS resolution failed for tracker udp://denis.stalker.h3q.com:6969/announce
[02:47:15]  DNS resolution failed for tracker udp://denis.stalker.h3q.com:6969/announce
[03:17:17]  DNS resolution failed for tracker udp://denis.stalker.h3q.com:6969/announce
[03:47:20]  DNS resolution failed for tracker udp://denis.stalker.h3q.com:6969/announce
[04:17:21]  DNS resolution failed for tracker udp://denis.stalker.h3q.com:6969/announce
[04:47:23]  DNS resolution failed for tracker udp://denis.stalker.h3q.com:6969/announce
[05:17:33]  DNS resolution failed for tracker udp://denis.stalker.h3q.com:6969/announce
[05:47:36]  DNS resolution failed for tracker udp://denis.stalker.h3q.com:6969/announce
[05:58:13]  *** The.Killing.S01E03.El.Diablo.HDTV.XviD-FQM.[VTV].avi: PIECE 215 FAILED HASH CHECK
[06:17:39]  DNS resolution failed for tracker udp://denis.stalker.h3q.com:6969/announce
[06:47:41]  DNS resolution failed for tracker udp://denis.stalker.h3q.com:6969/announce
[07:17:43]  DNS resolution failed for tracker udp://denis.stalker.h3q.com:6969/announce
[07:47:44]  DNS resolution failed for tracker udp://denis.stalker.h3q.com:6969/announce
[08:17:46]  DNS resolution failed for tracker udp://denis.stalker.h3q.com:6969/announce
[08:47:48]  DNS resolution failed for tracker udp://denis.stalker.h3q.com:6969/announce
[09:17:50]  DNS resolution failed for tracker udp://denis.stalker.h3q.com:6969/announce
[09:47:53]  DNS resolution failed for tracker udp://denis.stalker.h3q.com:6969/announce
[10:17:54]  DNS resolution failed for tracker udp://denis.stalker.h3q.com:6969/announce
[10:47:56]  DNS resolution failed for tracker udp://denis.stalker.h3q.com:6969/announce
[11:17:58]  DNS resolution failed for tracker udp://denis.stalker.h3q.com:6969/announce
[11:47:59]  DNS resolution failed for tracker udp://denis.stalker.h3q.com:6969/announce
[12:18:02]  DNS resolution failed for tracker udp://denis.stalker.h3q.com:6969/announce
[12:48:04]  DNS resolution failed for tracker udp://denis.stalker.h3q.com:6969/announce
[13:18:06]  DNS resolution failed for tracker udp://denis.stalker.h3q.com:6969/announce
[13:48:08]  DNS resolution failed for tracker udp://denis.stalker.h3q.com:6969/announce
[14:18:10]  DNS resolution failed for tracker udp://denis.stalker.h3q.com:6969/announce
[14:48:12]  DNS resolution failed for tracker udp://denis.stalker.h3q.com:6969/announce
[15:18:14]  DNS resolution failed for tracker udp://denis.stalker.h3q.com:6969/announce
[15:48:17]  DNS resolution failed for tracker udp://denis.stalker.h3q.com:6969/announce
[16:18:18]  DNS resolution failed for tracker udp://denis.stalker.h3q.com:6969/announce
[16:48:20]  DNS resolution failed for tracker udp://denis.stalker.h3q.com:6969/announce
[17:18:22]  DNS resolution failed for tracker udp://denis.stalker.h3q.com:6969/announce
[17:47:28]  DNS resolution failed for tracker udp://denis.stalker.h3q.com:6969/announce
[17:47:37]  DNS resolution failed for tracker udp://denis.stalker.h3q.com:6969/announce
[18:47:20]  DNS resolution failed for tracker udp://denis.stalker.h3q.com:6969/announce
[18:47:27]  DNS resolution failed for tracker udp://denis.stalker.h3q.com:6969/announce
[18:47:48]  DNS resolution failed for tracker udp://denis.stalker.h3q.com:6969/announce
[19:06:16]  Error opening "/home/anto/bt_dl/done/The.Killing.S01E03.El.Diablo.HDTV.XviD-FQM.[VTV].avi": 
[19:47:38]  DNS resolution failed for tracker udp://denis.stalker.h3q.com:6969/announce
[19:47:53]  DNS resolution failed for tracker udp://denis.stalker.h3q.com:6969/announce
[20:46:53]  DNS resolution failed for tracker udp://denis.stalker.h3q.com:6969/announce
[21:17:01]  DNS resolution failed for tracker udp://denis.stalker.h3q.com:6969/announce
[21:47:03]  DNS resolution failed for tracker udp://denis.stalker.h3q.com:6969/announce
[22:17:05]  DNS resolution failed for tracker udp://denis.stalker.h3q.com:6969/announce
[22:47:07]  DNS resolution failed for tracker udp://denis.stalker.h3q.com:6969/announce
[23:17:08]  DNS resolution failed for tracker udp://denis.stalker.h3q.com:6969/announce
[23:47:11]  DNS resolution failed for tracker udp://denis.stalker.h3q.com:6969/announce
[00:17:13]  DNS resolution failed for tracker udp://denis.stalker.h3q.com:6969/announce
[00:47:15]  DNS resolution failed for tracker udp://denis.stalker.h3q.com:6969/announce
[01:17:17]  DNS resolution failed for tracker udp://denis.stalker.h3q.com:6969/announce
[01:47:19]  DNS resolution failed for tracker udp://denis.stalker.h3q.com:6969/announce
[02:17:20]  DNS resolution failed for tracker udp://denis.stalker.h3q.com:6969/announce
[02:47:23]  DNS resolution failed for tracker udp://denis.stalker.h3q.com:6969/announce
[03:17:25]  DNS resolution failed for tracker udp://denis.stalker.h3q.com:6969/announce
[03:47:27]  DNS resolution failed for tracker udp://denis.stalker.h3q.com:6969/announce
[04:17:29]  DNS resolution failed for tracker udp://denis.stalker.h3q.com:6969/announce
[04:47:31]  DNS resolution failed for tracker udp://denis.stalker.h3q.com:6969/announce
[05:17:33]  DNS resolution failed for tracker udp://denis.stalker.h3q.com:6969/announce
[05:47:35]  DNS resolution failed for tracker udp://denis.stalker.h3q.com:6969/announce
[06:17:37]  DNS resolution failed for tracker udp://denis.stalker.h3q.com:6969/announce
[06:47:38]  DNS resolution failed for tracker udp://denis.stalker.h3q.com:6969/announce
[07:17:41]  DNS resolution failed for tracker udp://denis.stalker.h3q.com:6969/announce
[07:47:43]  DNS resolution failed for tracker udp://denis.stalker.h3q.com:6969/announce
[08:17:45]  DNS resolution failed for tracker udp://denis.stalker.h3q.com:6969/announce
[08:47:46]  DNS resolution failed for tracker udp://denis.stalker.h3q.com:6969/announce
[09:17:49]  DNS resolution failed for tracker udp://denis.stalker.h3q.com:6969/announce
[09:47:51]  DNS resolution failed for tracker udp://denis.stalker.h3q.com:6969/announce
[10:17:55]  DNS resolution failed for tracker udp://denis.stalker.h3q.com:6969/announce
[10:34:40]  *** United.States.of.Tara.S03E05.Dr.Hatteras.Miracle.Elixir.HDTV.XviD-FQM.avi: PIECE 146 FAILED HASH CHECK
[10:43:29]  *** United.States.of.Tara.S03E05.Dr.Hatteras.Miracle.Elixir.HDTV.XviD-FQM.avi: PIECE 234 FAILED HASH CHECK
[10:45:14]  *** United.States.of.Tara.S03E05.Dr.Hatteras.Miracle.Elixir.HDTV.XviD-FQM.avi: PIECE 83 FAILED HASH CHECK
[10:46:30]  DNS resolution failed for tracker udp://tracker.openbittorrent.com:80
[10:48:00]  DNS resolution failed for tracker udp://denis.stalker.h3q.com:6969/announce
[10:49:26]  *** United.States.of.Tara.S03E05.Dr.Hatteras.Miracle.Elixir.HDTV.XviD-FQM.avi: PIECE 146 FAILED HASH CHECK
[10:51:28]  DNS resolution failed for tracker udp://tracker.openbittorrent.com:80
[10:51:33]  Banned 124.169.130.242:63038
[11:17:57]  DNS resolution failed for tracker udp://denis.stalker.h3q.com:6969/announce
[11:47:59]  DNS resolution failed for tracker udp://denis.stalker.h3q.com:6969/announce
[12:18:01]  DNS resolution failed for tracker udp://denis.stalker.h3q.com:6969/announce
[12:48:03]  DNS resolution failed for tracker udp://denis.stalker.h3q.com:6969/announce
[13:18:05]  DNS resolution failed for tracker udp://denis.stalker.h3q.com:6969/announce
[13:48:07]  DNS resolution failed for tracker udp://denis.stalker.h3q.com:6969/announce
[14:18:08]  DNS resolution failed for tracker udp://denis.stalker.h3q.com:6969/announce
[14:48:11]  DNS resolution failed for tracker udp://denis.stalker.h3q.com:6969/announce
[15:18:12]  DNS resolution failed for tracker udp://denis.stalker.h3q.com:6969/announce
[15:48:15]  DNS resolution failed for tracker udp://denis.stalker.h3q.com:6969/announce
[16:18:17]  DNS resolution failed for tracker udp://denis.stalker.h3q.com:6969/announce
[16:48:19]  DNS resolution failed for tracker udp://denis.stalker.h3q.com:6969/announce
[17:18:21]  DNS resolution failed for tracker udp://denis.stalker.h3q.com:6969/announce
[17:47:32]  DNS resolution failed for tracker udp://denis.stalker.h3q.com:6969/announce
[17:47:38]  DNS resolution failed for tracker udp://denis.stalker.h3q.com:6969/announce
[17:47:42]  DNS resolution failed for tracker udp://denis.stalker.h3q.com:6969/announce
[18:47:36]  DNS resolution failed for tracker udp://denis.stalker.h3q.com:6969/announce
[18:47:43]  DNS resolution failed for tracker udp://denis.stalker.h3q.com:6969/announce
[18:47:53]  DNS resolution failed for tracker udp://denis.stalker.h3q.com:6969/announce
[19:47:41]  DNS resolution failed for tracker udp://denis.stalker.h3q.com:6969/announce
[19:47:44]  DNS resolution failed for tracker udp://denis.stalker.h3q.com:6969/announce
[19:48:22]  DNS resolution failed for tracker udp://denis.stalker.h3q.com:6969/announce
[20:46:53]  DNS resolution failed for tracker udp://denis.stalker.h3q.com:6969/announce
[21:16:55]  DNS resolution failed for tracker udp://denis.stalker.h3q.com:6969/announce
[21:46:57]  DNS resolution failed for tracker udp://denis.stalker.h3q.com:6969/announce
[22:16:59]  DNS resolution failed for tracker udp://denis.stalker.h3q.com:6969/announce
[22:47:01]  DNS resolution failed for tracker udp://denis.stalker.h3q.com:6969/announce
[23:17:02]  DNS resolution failed for tracker udp://denis.stalker.h3q.com:6969/announce
[23:47:05]  DNS resolution failed for tracker udp://denis.stalker.h3q.com:6969/announce
[00:17:07]  DNS resolution failed for tracker udp://denis.stalker.h3q.com:6969/announce
[00:47:08]  DNS resolution failed for tracker udp://denis.stalker.h3q.com:6969/announce
[01:17:11]  DNS resolution failed for tracker udp://denis.stalker.h3q.com:6969/announce
[01:47:13]  DNS resolution failed for tracker udp://denis.stalker.h3q.com:6969/announce
[02:17:15]  DNS resolution failed for tracker udp://denis.stalker.h3q.com:6969/announce
[02:47:17]  DNS resolution failed for tracker udp://denis.stalker.h3q.com:6969/announce
[03:17:19]  DNS resolution failed for tracker udp://denis.stalker.h3q.com:6969/announce
[03:47:21]  DNS resolution failed for tracker udp://denis.stalker.h3q.com:6969/announce
[04:17:23]  DNS resolution failed for tracker udp://denis.stalker.h3q.com:6969/announce
[04:47:25]  DNS resolution failed for tracker udp://denis.stalker.h3q.com:6969/announce
[05:17:27]  DNS resolution failed for tracker udp://denis.stalker.h3q.com:6969/announce
[05:47:28]  DNS resolution failed for tracker udp://denis.stalker.h3q.com:6969/announce
[06:17:31]  DNS resolution failed for tracker udp://denis.stalker.h3q.com:6969/announce
[06:46:45]  Unable to load "": Is a directory!
[06:47:33]  DNS resolution failed for tracker udp://denis.stalker.h3q.com:6969/announce
[06:49:55]  Unable to load "": Is a directory!
[06:50:23]  Unable to load "": Is a directory!
[07:17:35]  DNS resolution failed for tracker udp://denis.stalker.h3q.com:6969/announce
[07:47:37]  DNS resolution failed for tracker udp://denis.stalker.h3q.com:6969/announce
[08:17:38]  DNS resolution failed for tracker udp://denis.stalker.h3q.com:6969/announce
[08:41:19]  Unable to load "": Is a directory!
[08:42:01]  Unable to load "00005fe2-003e.utt": Invalid torrent file!
[08:43:05]  uT HTTP torrent add of '/tmp/00005fe2-003f.utt' succeeded
[08:47:41]  DNS resolution failed for tracker udp://denis.stalker.h3q.com:6969/announce
[09:17:43]  DNS resolution failed for tracker udp://denis.stalker.h3q.com:6969/announce
[09:47:45]  DNS resolution failed for tracker udp://denis.stalker.h3q.com:6969/announce
[10:17:47]  DNS resolution failed for tracker udp://denis.stalker.h3q.com:6969/announce
[10:47:49]  DNS resolution failed for tracker udp://denis.stalker.h3q.com:6969/announce
[11:17:51]  DNS resolution failed for tracker udp://denis.stalker.h3q.com:6969/announce
[11:47:53]  DNS resolution failed for tracker udp://denis.stalker.h3q.com:6969/announce
[12:17:54]  DNS resolution failed for tracker udp://denis.stalker.h3q.com:6969/announce
[12:47:57]  DNS resolution failed for tracker udp://denis.stalker.h3q.com:6969/announce
[13:17:59]  DNS resolution failed for tracker udp://denis.stalker.h3q.com:6969/announce
[13:48:05]  DNS resolution failed for tracker udp://denis.stalker.h3q.com:6969/announce
[14:18:07]  DNS resolution failed for tracker udp://denis.stalker.h3q.com:6969/announce
[14:48:09]  DNS resolution failed for tracker udp://denis.stalker.h3q.com:6969/announce
[15:18:11]  DNS resolution failed for tracker udp://denis.stalker.h3q.com:6969/announce
[15:48:12]  DNS resolution failed for tracker udp://denis.stalker.h3q.com:6969/announce
[16:18:15]  DNS resolution failed for tracker udp://denis.stalker.h3q.com:6969/announce
[16:48:17]  DNS resolution failed for tracker udp://denis.stalker.h3q.com:6969/announce
[17:18:19]  DNS resolution failed for tracker udp://denis.stalker.h3q.com:6969/announce
[17:47:30]  DNS resolution failed for tracker udp://denis.stalker.h3q.com:6969/announce
[17:47:42]  DNS resolution failed for tracker udp://denis.stalker.h3q.com:6969/announce
[17:47:44]  DNS resolution failed for tracker udp://denis.stalker.h3q.com:6969/announce
[17:47:56]  Error opening "/home/anto/bt_dl/done/tv/Breakout.Kings.S01E04.HDTV.XviD-ASAP.avi": 
[17:47:58]  Error opening "/home/anto/bt_dl/done/tv/Breaking.In.S01E01.HDTV.XviD-LOL.avi": 
[17:58:26]  Error opening "/home/anto/bt_dl/done/tv/Breakout.Kings.S01E05.Queen.of.Hearts.HDTV.XviD-FQM.avi": 
[17:59:57]  Error opening "/home/anto/bt_dl/done/tv/Breakout.Kings.S01E07.Fun.with.Chemistry.HDTV.XviD-FQM.avi": 
[18:12:14]  Error opening "/home/anto/bt_dl/done/tv/Breakout.Kings.S01E06.Like.Father.Like.Son.HDTV.XviD-FQM.avi": 
[18:23:35]  Error opening "/home/anto/bt_dl/done/tv/MythBusters.S09E02.Blue.Ice.HDTV.XviD-FQM.avi": 
[18:29:01]  Error opening "/home/anto/bt_dl/done/tv/How.I.Met.Your.Mother.S06E19.HDTV.XviD-LOL.[VTV].avi": 
[18:38:00]  Error opening "/home/anto/bt_dl/done/tv/How.I.Met.Your.Mother.S06E21.HDTV.XviD-LOL.[VTV].avi": 
[18:46:03]  Error opening "/home/anto/bt_dl/done/tv/Breaking.In.S01E02.HDTV.XviD-LOL.avi": 
[18:47:34]  DNS resolution failed for tracker udp://denis.stalker.h3q.com:6969/announce
[18:47:45]  DNS resolution failed for tracker udp://denis.stalker.h3q.com:6969/announce
[18:47:57]  DNS resolution failed for tracker udp://denis.stalker.h3q.com:6969/announce
[19:11:56]  Error opening "/home/anto/bt_dl/done/tv/MythBusters.S09E01.Mission.Impossible.Mask.HDTV.XviD-FQM.avi": 
[19:47:38]  DNS resolution failed for tracker udp://denis.stalker.h3q.com:6969/announce
[19:47:46]  DNS resolution failed for tracker udp://denis.stalker.h3q.com:6969/announce
[19:48:12]  DNS resolution failed for tracker udp://denis.stalker.h3q.com:6969/announce
[20:26:56]  Error opening "/home/anto/bt_dl/done/tv/How.I.Met.Your.Mother.S06E20.HDTV.XviD-LOL.[VTV].avi": 
[20:46:56]  DNS resolution failed for tracker udp://denis.stalker.h3q.com:6969/announce
[21:16:57]  DNS resolution failed for tracker udp://denis.stalker.h3q.com:6969/announce
[21:47:09]  DNS resolution failed for tracker udp://denis.stalker.h3q.com:6969/announce
[22:17:12]  DNS resolution failed for tracker udp://denis.stalker.h3q.com:6969/announce
[22:47:16]  DNS resolution failed for tracker udp://denis.stalker.h3q.com:6969/announce
[23:17:17]  DNS resolution failed for tracker udp://denis.stalker.h3q.com:6969/announce
[23:47:20]  DNS resolution failed for tracker udp://denis.stalker.h3q.com:6969/announce
[00:17:22]  DNS resolution failed for tracker udp://denis.stalker.h3q.com:6969/announce
[00:47:24]  DNS resolution failed for tracker udp://denis.stalker.h3q.com:6969/announce
[01:17:26]  DNS resolution failed for tracker udp://denis.stalker.h3q.com:6969/announce
[01:47:27]  DNS resolution failed for tracker udp://denis.stalker.h3q.com:6969/announce
[02:17:30]  DNS resolution failed for tracker udp://denis.stalker.h3q.com:6969/announce
[02:47:32]  DNS resolution failed for tracker udp://denis.stalker.h3q.com:6969/announce
[03:17:34]  DNS resolution failed for tracker udp://denis.stalker.h3q.com:6969/announce
[03:47:36]  DNS resolution failed for tracker udp://denis.stalker.h3q.com:6969/announce
[04:17:38]  DNS resolution failed for tracker udp://denis.stalker.h3q.com:6969/announce
[04:47:40]  DNS resolution failed for tracker udp://denis.stalker.h3q.com:6969/announce
[05:17:42]  DNS resolution failed for tracker udp://denis.stalker.h3q.com:6969/announce
[05:47:43]  DNS resolution failed for tracker udp://denis.stalker.h3q.com:6969/announce
[06:17:46]  DNS resolution failed for tracker udp://denis.stalker.h3q.com:6969/announce
[06:47:48]  DNS resolution failed for tracker udp://denis.stalker.h3q.com:6969/announce
[07:17:50]  DNS resolution failed for tracker udp://denis.stalker.h3q.com:6969/announce
[07:47:52]  DNS resolution failed for tracker udp://denis.stalker.h3q.com:6969/announce
[08:17:54]  DNS resolution failed for tracker udp://denis.stalker.h3q.com:6969/announce
[08:47:56]  DNS resolution failed for tracker udp://denis.stalker.h3q.com:6969/announce
[09:17:57]  DNS resolution failed for tracker udp://denis.stalker.h3q.com:6969/announce
[09:48:00]  DNS resolution failed for tracker udp://denis.stalker.h3q.com:6969/announce
[10:18:02]  DNS resolution failed for tracker udp://denis.stalker.h3q.com:6969/announce
[10:48:04]  DNS resolution failed for tracker udp://denis.stalker.h3q.com:6969/announce
[11:18:06]  DNS resolution failed for tracker udp://denis.stalker.h3q.com:6969/announce
[11:48:08]  DNS resolution failed for tracker udp://denis.stalker.h3q.com:6969/announce
[12:18:09]  DNS resolution failed for tracker udp://denis.stalker.h3q.com:6969/announce
[12:48:12]  DNS resolution failed for tracker udp://denis.stalker.h3q.com:6969/announce
[13:18:14]  DNS resolution failed for tracker udp://denis.stalker.h3q.com:6969/announce
[13:48:16]  DNS resolution failed for tracker udp://denis.stalker.h3q.com:6969/announce
[14:18:18]  DNS resolution failed for tracker udp://denis.stalker.h3q.com:6969/announce
[14:48:20]  DNS resolution failed for tracker udp://denis.stalker.h3q.com:6969/announce
[15:18:22]  DNS resolution failed for tracker udp://denis.stalker.h3q.com:6969/announce
[15:29:11]  Unable to load "00005fe2-0043.utt": Torrent is already loaded!
[15:48:24]  DNS resolution failed for tracker udp://denis.stalker.h3q.com:6969/announce
[16:18:26]  DNS resolution failed for tracker udp://denis.stalker.h3q.com:6969/announce
[16:48:27]  DNS resolution failed for tracker udp://denis.stalker.h3q.com:6969/announce
[17:18:30]  DNS resolution failed for tracker udp://denis.stalker.h3q.com:6969/announce
[17:47:16]  DNS resolution failed for tracker udp://denis.stalker.h3q.com:6969/announce
[17:47:24]  DNS resolution failed for tracker udp://denis.stalker.h3q.com:6969/announce
[17:47:27]  DNS resolution failed for tracker udp://denis.stalker.h3q.com:6969/announce
[18:00:44]  *** MythBusters.S09E04.Bubble.Trouble.HDTV.XviD-FQM.avi: PIECE 0 FAILED HASH CHECK
[18:47:17]  DNS resolution failed for tracker udp://denis.stalker.h3q.com:6969/announce
[18:47:29]  DNS resolution failed for tracker udp://denis.stalker.h3q.com:6969/announce
[18:47:30]  DNS resolution failed for tracker udp://denis.stalker.h3q.com:6969/announce
[19:07:19]  Error opening "/home/anto/bt_dl/done/tv/Breaking.In.S01E03.Need.for.Speed.HDTV.XviD-FQM.avi": 
[19:47:20]  DNS resolution failed for tracker udp://denis.stalker.h3q.com:6969/announce
[19:47:34]  DNS resolution failed for tracker udp://denis.stalker.h3q.com:6969/announce
[19:47:44]  DNS resolution failed for tracker udp://denis.stalker.h3q.com:6969/announce
[20:46:05]  Error opening "/home/anto/bt_dl/done/tv/The.Big.Bang.Theory.S04E20.HDTV.XviD-ASAP.avi": 
[20:46:55]  DNS resolution failed for tracker udp://denis.stalker.h3q.com:6969/announce
[21:17:00]  DNS resolution failed for tracker udp://denis.stalker.h3q.com:6969/announce
[21:47:07]  DNS resolution failed for tracker udp://denis.stalker.h3q.com:6969/announce
[22:17:08]  DNS resolution failed for tracker udp://denis.stalker.h3q.com:6969/announce
[22:47:19]  DNS resolution failed for tracker udp://denis.stalker.h3q.com:6969/announce
[23:11:41]  Moving files from '/home/anto/bt_dl/utorrent-server-v3_0' to '/home/anto/bt_dl/done/movie/utorrent-server-v3_0'
[23:17:21]  DNS resolution failed for tracker udp://denis.stalker.h3q.com:6969/announce
[23:47:22]  DNS resolution failed for tracker udp://denis.stalker.h3q.com:6969/announce
[00:17:23]  DNS resolution failed for tracker udp://denis.stalker.h3q.com:6969/announce
[00:47:27]  DNS resolution failed for tracker udp://denis.stalker.h3q.com:6969/announce
[01:17:29]  DNS resolution failed for tracker udp://denis.stalker.h3q.com:6969/announce
[01:47:31]  DNS resolution failed for tracker udp://denis.stalker.h3q.com:6969/announce
[02:17:33]  DNS resolution failed for tracker udp://denis.stalker.h3q.com:6969/announce
[02:47:35]  DNS resolution failed for tracker udp://denis.stalker.h3q.com:6969/announce
[03:17:37]  DNS resolution failed for tracker udp://denis.stalker.h3q.com:6969/announce
[03:47:38]  DNS resolution failed for tracker udp://denis.stalker.h3q.com:6969/announce
[04:17:41]  DNS resolution failed for tracker udp://denis.stalker.h3q.com:6969/announce
[04:47:43]  DNS resolution failed for tracker udp://denis.stalker.h3q.com:6969/announce
[05:17:45]  DNS resolution failed for tracker udp://denis.stalker.h3q.com:6969/announce
[05:47:47]  DNS resolution failed for tracker udp://denis.stalker.h3q.com:6969/announce
[06:17:48]  DNS resolution failed for tracker udp://denis.stalker.h3q.com:6969/announce
[06:47:51]  DNS resolution failed for tracker udp://denis.stalker.h3q.com:6969/announce
[07:17:53]  DNS resolution failed for tracker udp://denis.stalker.h3q.com:6969/announce
[07:47:55]  DNS resolution failed for tracker udp://denis.stalker.h3q.com:6969/announce
[08:17:57]  DNS resolution failed for tracker udp://denis.stalker.h3q.com:6969/announce
[08:47:59]  DNS resolution failed for tracker udp://denis.stalker.h3q.com:6969/announce
[09:18:03]  DNS resolution failed for tracker udp://denis.stalker.h3q.com:6969/announce
[09:48:05]  DNS resolution failed for tracker udp://denis.stalker.h3q.com:6969/announce
[10:18:07]  DNS resolution failed for tracker udp://denis.stalker.h3q.com:6969/announce
[10:48:09]  DNS resolution failed for tracker udp://denis.stalker.h3q.com:6969/announce
[11:18:10]  DNS resolution failed for tracker udp://denis.stalker.h3q.com:6969/announce
[11:48:16]  DNS resolution failed for tracker udp://denis.stalker.h3q.com:6969/announce
[12:18:18]  DNS resolution failed for tracker udp://denis.stalker.h3q.com:6969/announce
